#
# A fatal error has been detected by the Java Runtime Environment:
#
#  SIGSEGV (0xb) at pc=0x00007f03dd7c55f0, pid=21639, tid=0x00007f0431d65700
#
# JRE version: Java(TM) SE Runtime Environment (8.0_121-b13) (build 1.8.0_121-b13)
# Java VM: Java HotSpot(TM) 64-Bit Server VM (25.121-b13 mixed mode linux-amd64 compressed oops)
# Problematic frame:
# C  [libopencv_java3.so+0x1ed5f0]  Java_org_opencv_core_Mat_n_1rows+0x0
#
# Failed to write core dump. Core dumps have been disabled. To enable core dumping, try "ulimit -c unlimited" before starting Java again
#
# If you would like to submit a bug report, please visit:
#   http://bugreport.java.com/bugreport/crash.jsp
# The crash happened outside the Java Virtual Machine in native code.
# See problematic frame for where to report the bug.
#

---------------  T H R E A D  ---------------

Current thread (0x00007f03e0002800):  JavaThread "RMI TCP Connection(5)-192.168.1.4" daemon [_thread_in_native, id=22004, stack(0x00007f0431c65000,0x00007f0431d66000)]

siginfo: si_signo: 11 (SIGSEGV), si_code: 1 (SEGV_MAPERR), si_addr: 0x0000000062edae30

Registers:
RAX=0x00007f03dd7c55f0, RBX=0x00007f044cc75f28, RCX=0x00007f0448006b10, RDX=0x0000000062edae28
RSP=0x00007f0431d61ed8, RBP=0x00007f0431d61f38, RSI=0x00007f0431d61f48, RDI=0x00007f03e00029f8
R8 =0x0000000000000000, R9 =0x0000000000000011, R10=0x00007f0439017a08, R11=0x00007f04508efea0
R12=0x0000000000000000, R13=0x00007f044cc75f28, R14=0x00007f0431d61f60, R15=0x00007f03e0002800
RIP=0x00007f03dd7c55f0, EFLAGS=0x0000000000010287, CSGSFS=0x0000000000000033, ERR=0x0000000000000004
  TRAPNO=0x000000000000000e

Top of Stack: (sp=0x00007f0431d61ed8)
0x00007f0431d61ed8:   00007f0439017a34 00007f0431d61f38
0x00007f0431d61ee8:   00007f04390177c7 00007f0439017782
0x00007f0431d61ef8:   00007f0431d61ef8 00007f044cc75f28
0x00007f0431d61f08:   00007f0431d61f60 00007f044cd3ad90
0x00007f0431d61f18:   0000000000000000 00007f044cc75f28
0x00007f0431d61f28:   0000000000000000 00007f0431d61f58
0x00007f0431d61f38:   00007f0431d61fa8 00007f0439007d00
0x00007f0431d61f48:   000000076ca982d0 00007f0439011536
0x00007f0431d61f58:   0000000062edae28 000000076d4b6908
0x00007f0431d61f68:   00007f0431d61f68 00007f044cc71e2c
0x00007f0431d61f78:   00007f0431d61fc0 00007f044cd3ad90
0x00007f0431d61f88:   0000000000000000 00007f044cc71e58
0x00007f0431d61f98:   00007f0431d61f58 00007f0431d61fc0
0x00007f0431d61fa8:   00007f0431d62010 00007f0439007d00
0x00007f0431d61fb8:   0000000000000000 000000076d4b6908
0x00007f0431d61fc8:   000000076d4e2f78 00007f0431d61fd0
0x00007f0431d61fd8:   00007f044cc72bed 00007f0431d62020
0x00007f0431d61fe8:   00007f044cd3ad90 0000000000000000
0x00007f0431d61ff8:   00007f044cc72c70 00007f0431d61fc0
0x00007f0431d62008:   00007f0431d62020 00007f0431d62068
0x00007f0431d62018:   00007f0439008040 000000076d4b6908
0x00007f0431d62028:   00007f0431d62028 00007f044c6f80ba
0x00007f0431d62038:   00007f0431d62078 00007f044c79fb98
0x00007f0431d62048:   00007f044cb81b58 00007f044c6f80c8
0x00007f0431d62058:   00007f0431d62020 00007f0431d62078
0x00007f0431d62068:   00007f0431d620c8 00007f0439008040
0x00007f0431d62078:   000000076d4b6908 000000076d4e2f30
0x00007f0431d62088:   00007f0431d62088 00007f044c76935a
0x00007f0431d62098:   00007f0431d620e0 00007f044c810168
0x00007f0431d620a8:   00007f044cb81970 00007f044c769368
0x00007f0431d620b8:   00007f0431d62078 00007f0431d620d8
0x00007f0431d620c8:   00007f0431d62128 00007f0439008040 

Instructions: (pc=0x00007f03dd7c55f0)
0x00007f03dd7c55d0:   66 fe ff eb bf 48 89 c3 e8 23 b9 0c 02 48 89 df
0x00007f03dd7c55e0:   e8 26 21 11 02 66 66 2e 0f 1f 84 00 00 00 00 00
0x00007f03dd7c55f0:   8b 42 08 c3 66 66 66 2e 0f 1f 84 00 00 00 00 00
0x00007f03dd7c5600:   41 56 41 55 41 54 49 89 fc 48 89 d7 55 53 48 8d 

Register to memory mapping:

RAX=0x00007f03dd7c55f0: Java_org_opencv_core_Mat_n_1rows+0 in /home/bladestery/Downloads/OpenCV-android-sdk/sdk/native/libs/x86_64/libopencv_java3.so at 0x00007f03dd5d8000
RBX={method} {0x00007f044cc75f28} 'n_rows' '(J)I' in 'org/opencv/core/Mat'
RCX=0x00007f0448006b10 is an unknown value
RDX=0x0000000062edae28 is an unknown value
RSP=0x00007f0431d61ed8 is pointing into the stack for thread: 0x00007f03e0002800
RBP=0x00007f0431d61f38 is pointing into the stack for thread: 0x00007f03e0002800
RSI=0x00007f0431d61f48 is pointing into the stack for thread: 0x00007f03e0002800
RDI=0x00007f03e00029f8 is an unknown value
R8 =0x0000000000000000 is an unknown value
R9 =0x0000000000000011 is an unknown value
R10=0x00007f0439017a08 is at code_begin+808 in an Interpreter codelet
method entry point (kind = native)  [0x00007f04390176e0, 0x00007f0439017fe0]  2304 bytes
R11=0x00007f04508efea0: <offset 0x9c3ea0> in /usr/lib/jvm/java-8-oracle/jre/lib/amd64/server/libjvm.so at 0x00007f044ff2c000
R12=0x0000000000000000 is an unknown value
R13={method} {0x00007f044cc75f28} 'n_rows' '(J)I' in 'org/opencv/core/Mat'
R14=0x00007f0431d61f60 is pointing into the stack for thread: 0x00007f03e0002800
R15=0x00007f03e0002800 is a thread


Stack: [0x00007f0431c65000,0x00007f0431d66000],  sp=0x00007f0431d61ed8,  free space=1011k
Native frames: (J=compiled Java code, j=interpreted, Vv=VM code, C=native code)
C  [libopencv_java3.so+0x1ed5f0]  Java_org_opencv_core_Mat_n_1rows+0x0
j  org.opencv.core.Mat.rows()I+4
j  org.opencv.core.Mat.toString()Ljava/lang/String;+13
j  java.lang.String.valueOf(Ljava/lang/Object;)Ljava/lang/String;+10
j  java.lang.StringBuilder.append(Ljava/lang/Object;)Ljava/lang/StringBuilder;+2
j  java.util.AbstractCollection.toString()Ljava/lang/String;+51
j  java.lang.String.valueOf(Ljava/lang/Object;)Ljava/lang/String;+10
j  java.lang.StringBuilder.append(Ljava/lang/Object;)Ljava/lang/StringBuilder;+2
j  java.util.AbstractCollection.toString()Ljava/lang/String;+51
j  sapphire.kernel.server.KernelServerImpl.makeKernelRPC(Lsapphire/kernel/common/KernelRPC;)Ljava/lang/Object;+57
v  ~StubRoutines::call_stub
V  [libjvm.so+0x690dd6]  JavaCalls::call_helper(JavaValue*, methodHandle*, JavaCallArguments*, Thread*)+0x1056
V  [libjvm.so+0x99c357]  Reflection::invoke(instanceKlassHandle, methodHandle, Handle, bool, objArrayHandle, BasicType, objArrayHandle, bool, Thread*)+0x5d7
V  [libjvm.so+0x99fa67]  Reflection::invoke_method(oopDesc*, Handle, objArrayHandle, Thread*)+0x147
V  [libjvm.so+0x72447b]  JVM_InvokeMethod+0x26b
j  sun.reflect.NativeMethodAccessorImpl.invoke0(Ljava/lang/reflect/Method;Ljava/lang/Object;[Ljava/lang/Object;)Ljava/lang/Object;+0
j  sun.reflect.NativeMethodAccessorImpl.invoke(Ljava/lang/Object;[Ljava/lang/Object;)Ljava/lang/Object;+100
j  sun.reflect.DelegatingMethodAccessorImpl.invoke(Ljava/lang/Object;[Ljava/lang/Object;)Ljava/lang/Object;+6
j  java.lang.reflect.Method.invoke(Ljava/lang/Object;[Ljava/lang/Object;)Ljava/lang/Object;+56
j  sun.rmi.server.UnicastServerRef.dispatch(Ljava/rmi/Remote;Ljava/rmi/server/RemoteCall;)V+209
j  sun.rmi.transport.Transport$1.run()Ljava/lang/Void;+23
j  sun.rmi.transport.Transport$1.run()Ljava/lang/Object;+1
v  ~StubRoutines::call_stub
V  [libjvm.so+0x690dd6]  JavaCalls::call_helper(JavaValue*, methodHandle*, JavaCallArguments*, Thread*)+0x1056
V  [libjvm.so+0x72a09c]  JVM_DoPrivileged+0x27c
j  java.security.AccessController.doPrivileged(Ljava/security/PrivilegedExceptionAction;Ljava/security/AccessControlContext;)Ljava/lang/Object;+0
j  sun.rmi.transport.Transport.serviceCall(Ljava/rmi/server/RemoteCall;)Z+157
j  sun.rmi.transport.tcp.TCPTransport.handleMessages(Lsun/rmi/transport/Connection;Z)V+185
j  sun.rmi.transport.tcp.TCPTransport$ConnectionHandler.run0()V+680
j  sun.rmi.transport.tcp.TCPTransport$ConnectionHandler.lambda$run$0()Ljava/lang/Void;+1
j  sun.rmi.transport.tcp.TCPTransport$ConnectionHandler$$Lambda$7.run()Ljava/lang/Object;+4
v  ~StubRoutines::call_stub
V  [libjvm.so+0x690dd6]  JavaCalls::call_helper(JavaValue*, methodHandle*, JavaCallArguments*, Thread*)+0x1056
V  [libjvm.so+0x72a09c]  JVM_DoPrivileged+0x27c
j  java.security.AccessController.doPrivileged(Ljava/security/PrivilegedAction;Ljava/security/AccessControlContext;)Ljava/lang/Object;+0
j  sun.rmi.transport.tcp.TCPTransport$ConnectionHandler.run()V+58
j  java.util.concurrent.ThreadPoolExecutor.runWorker(Ljava/util/concurrent/ThreadPoolExecutor$Worker;)V+95
j  java.util.concurrent.ThreadPoolExecutor$Worker.run()V+5
j  java.lang.Thread.run()V+11
v  ~StubRoutines::call_stub
V  [libjvm.so+0x690dd6]  JavaCalls::call_helper(JavaValue*, methodHandle*, JavaCallArguments*, Thread*)+0x1056
V  [libjvm.so+0x6912e1]  JavaCalls::call_virtual(JavaValue*, KlassHandle, Symbol*, Symbol*, JavaCallArguments*, Thread*)+0x321
V  [libjvm.so+0x691787]  JavaCalls::call_virtual(JavaValue*, Handle, KlassHandle, Symbol*, Symbol*, Thread*)+0x47
V  [libjvm.so+0x72cb00]  thread_entry(JavaThread*, Thread*)+0xa0
V  [libjvm.so+0xa75543]  JavaThread::thread_main_inner()+0x103
V  [libjvm.so+0xa7568c]  JavaThread::run()+0x11c
V  [libjvm.so+0x926268]  java_start(Thread*)+0x108
C  [libpthread.so.0+0x8184]  start_thread+0xc4

Java frames: (J=compiled Java code, j=interpreted, Vv=VM code)
j  org.opencv.core.Mat.n_rows(J)I+0
j  org.opencv.core.Mat.rows()I+4
j  org.opencv.core.Mat.toString()Ljava/lang/String;+13
j  java.lang.String.valueOf(Ljava/lang/Object;)Ljava/lang/String;+10
j  java.lang.StringBuilder.append(Ljava/lang/Object;)Ljava/lang/StringBuilder;+2
j  java.util.AbstractCollection.toString()Ljava/lang/String;+51
j  java.lang.String.valueOf(Ljava/lang/Object;)Ljava/lang/String;+10
j  java.lang.StringBuilder.append(Ljava/lang/Object;)Ljava/lang/StringBuilder;+2
j  java.util.AbstractCollection.toString()Ljava/lang/String;+51
j  sapphire.kernel.server.KernelServerImpl.makeKernelRPC(Lsapphire/kernel/common/KernelRPC;)Ljava/lang/Object;+57
v  ~StubRoutines::call_stub
j  sun.reflect.NativeMethodAccessorImpl.invoke0(Ljava/lang/reflect/Method;Ljava/lang/Object;[Ljava/lang/Object;)Ljava/lang/Object;+0
j  sun.reflect.NativeMethodAccessorImpl.invoke(Ljava/lang/Object;[Ljava/lang/Object;)Ljava/lang/Object;+100
j  sun.reflect.DelegatingMethodAccessorImpl.invoke(Ljava/lang/Object;[Ljava/lang/Object;)Ljava/lang/Object;+6
j  java.lang.reflect.Method.invoke(Ljava/lang/Object;[Ljava/lang/Object;)Ljava/lang/Object;+56
j  sun.rmi.server.UnicastServerRef.dispatch(Ljava/rmi/Remote;Ljava/rmi/server/RemoteCall;)V+209
j  sun.rmi.transport.Transport$1.run()Ljava/lang/Void;+23
j  sun.rmi.transport.Transport$1.run()Ljava/lang/Object;+1
v  ~StubRoutines::call_stub
j  java.security.AccessController.doPrivileged(Ljava/security/PrivilegedExceptionAction;Ljava/security/AccessControlContext;)Ljava/lang/Object;+0
j  sun.rmi.transport.Transport.serviceCall(Ljava/rmi/server/RemoteCall;)Z+157
j  sun.rmi.transport.tcp.TCPTransport.handleMessages(Lsun/rmi/transport/Connection;Z)V+185
j  sun.rmi.transport.tcp.TCPTransport$ConnectionHandler.run0()V+680
j  sun.rmi.transport.tcp.TCPTransport$ConnectionHandler.lambda$run$0()Ljava/lang/Void;+1
j  sun.rmi.transport.tcp.TCPTransport$ConnectionHandler$$Lambda$7.run()Ljava/lang/Object;+4
v  ~StubRoutines::call_stub
j  java.security.AccessController.doPrivileged(Ljava/security/PrivilegedAction;Ljava/security/AccessControlContext;)Ljava/lang/Object;+0
j  sun.rmi.transport.tcp.TCPTransport$ConnectionHandler.run()V+58
j  java.util.concurrent.ThreadPoolExecutor.runWorker(Ljava/util/concurrent/ThreadPoolExecutor$Worker;)V+95
j  java.util.concurrent.ThreadPoolExecutor$Worker.run()V+5
j  java.lang.Thread.run()V+11
v  ~StubRoutines::call_stub

---------------  P R O C E S S  ---------------

Java Threads: ( => current thread )
=>0x00007f03e0002800 JavaThread "RMI TCP Connection(5)-192.168.1.4" daemon [_thread_in_native, id=22004, stack(0x00007f0431c65000,0x00007f0431d66000)]
  0x00007f03d8004800 JavaThread "RMI TCP Connection(4)-192.168.1.4" daemon [_thread_in_native, id=22003, stack(0x00007f0431d66000,0x00007f0431e67000)]
  0x00007f03d8003000 JavaThread "RMI TCP Connection(3)-192.168.1.4" daemon [_thread_in_native, id=22002, stack(0x00007f0431e67000,0x00007f0431f68000)]
  0x00007f03e0001000 JavaThread "RMI TCP Connection(2)-192.168.1.2" daemon [_thread_in_native, id=22000, stack(0x00007f0431f68000,0x00007f0432069000)]
  0x00007f03d8001000 JavaThread "RMI TCP Connection(1)-192.168.1.2" daemon [_thread_in_native, id=21998, stack(0x00007f0432069000,0x00007f043216a000)]
  0x00007f044800b000 JavaThread "DestroyJavaVM" [_thread_blocked, id=21640, stack(0x00007f0451a19000,0x00007f0451b1a000)]
  0x00007f04482b3000 JavaThread "Thread-1" [_thread_blocked, id=21663, stack(0x00007f043216a000,0x00007f043226b000)]
  0x00007f044827d000 JavaThread "RMI TCP Accept-22345" daemon [_thread_in_native, id=21662, stack(0x00007f0432298000,0x00007f0432399000)]
  0x00007f0448277000 JavaThread "RMI Reaper" [_thread_blocked, id=21661, stack(0x00007f0432399000,0x00007f043249a000)]
  0x00007f044827c000 JavaThread "RMI TCP Accept-0" daemon [_thread_in_native, id=21660, stack(0x00007f043249a000,0x00007f043259b000)]
  0x00007f0448273000 JavaThread "GC Daemon" daemon [_thread_blocked, id=21658, stack(0x00007f043259b000,0x00007f043269c000)]
  0x00007f044826d800 JavaThread "RMI RenewClean-[192.168.1.2:42091]" daemon [_thread_blocked, id=21657, stack(0x00007f043269c000,0x00007f043279d000)]
  0x00007f044826c000 JavaThread "RMI Scheduler(0)" daemon [_thread_blocked, id=21656, stack(0x00007f043279d000,0x00007f043289e000)]
  0x00007f0448167800 JavaThread "Monitor Ctrl-Break" daemon [_thread_in_native, id=21654, stack(0x00007f043310a000,0x00007f043320b000)]
  0x00007f04480c2000 JavaThread "Service Thread" daemon [_thread_blocked, id=21652, stack(0x00007f043350e000,0x00007f043360f000)]
  0x00007f04480bf000 JavaThread "C1 CompilerThread2" daemon [_thread_blocked, id=21651, stack(0x00007f043360f000,0x00007f0433710000)]
  0x00007f04480bd000 JavaThread "C2 CompilerThread1" daemon [_thread_blocked, id=21650, stack(0x00007f0433710000,0x00007f0433811000)]
  0x00007f04480ba000 JavaThread "C2 CompilerThread0" daemon [_thread_blocked, id=21649, stack(0x00007f0433811000,0x00007f0433912000)]
  0x00007f04480b8800 JavaThread "Signal Dispatcher" daemon [_thread_blocked, id=21648, stack(0x00007f043808e000,0x00007f043818f000)]
  0x00007f0448085000 JavaThread "Finalizer" daemon [_thread_blocked, id=21647, stack(0x00007f043818f000,0x00007f0438290000)]
  0x00007f0448080800 JavaThread "Reference Handler" daemon [_thread_blocked, id=21646, stack(0x00007f0438290000,0x00007f0438391000)]

Other Threads:
  0x00007f0448078800 VMThread [stack: 0x00007f0438391000,0x00007f0438492000] [id=21645]
  0x00007f04480c5000 WatcherThread [stack: 0x00007f043340d000,0x00007f043350e000] [id=21653]

VM state:not at safepoint (normal execution)

VM Mutex/Monitor currently owned by a thread: None

Heap:
 PSYoungGen      total 75264K, used 11183K [0x000000076ca00000, 0x0000000771e00000, 0x00000007c0000000)
  eden space 64512K, 17% used [0x000000076ca00000,0x000000076d4ebf68,0x0000000770900000)
  from space 10752K, 0% used [0x0000000770900000,0x0000000770900000,0x0000000771380000)
  to   space 10752K, 0% used [0x0000000771380000,0x0000000771380000,0x0000000771e00000)
 ParOldGen       total 172032K, used 910K [0x00000006c5e00000, 0x00000006d0600000, 0x000000076ca00000)
  object space 172032K, 0% used [0x00000006c5e00000,0x00000006c5ee3b70,0x00000006d0600000)
 Metaspace       used 7448K, capacity 7776K, committed 7936K, reserved 1056768K
  class space    used 881K, capacity 974K, committed 1024K, reserved 1048576K

Card table byte_map: [0x00007f044dffc000,0x00007f044e7ce000] byte_map_base: 0x00007f044a9cd000

Marking Bits: (ParMarkBitMap*) 0x00007f0450ef0c80
 Begin Bits: [0x00007f041c2f0000, 0x00007f0420178000)
 End Bits:   [0x00007f0420178000, 0x00007f0424000000)

Polling page: 0x00007f0451b3d000

CodeCache: size=245760Kb used=2242Kb max_used=2242Kb free=243517Kb
 bounds [0x00007f0439000000, 0x00007f0439270000, 0x00007f0448000000]
 total_blobs=929 nmethods=541 adapters=302
 compilation: enabled

Compilation events (10 events):
Event: 58.623 Thread 0x00007f04480bf000 nmethod 533 0x00007f043922b910 code [0x00007f043922ba60, 0x00007f043922bb70]
Event: 58.623 Thread 0x00007f04480bf000  534   !   3       java.io.ObjectInputStream$BlockDataInputStream::readUTFSpan (502 bytes)
Event: 58.623 Thread 0x00007f04480ba000  535       4       sun.reflect.ClassFileAssembler::cpi (22 bytes)
Event: 58.623 Thread 0x00007f04480ba000 nmethod 535 0x00007f043922e850 code [0x00007f043922e9a0, 0x00007f043922ea18]
Event: 58.624 Thread 0x00007f04480bf000 nmethod 534 0x00007f043922cad0 code [0x00007f043922cd40, 0x00007f043922da48]
Event: 58.624 Thread 0x00007f04480bf000  537       3       sun.reflect.ClassFileAssembler::opc_invokespecial (26 bytes)
Event: 58.624 Thread 0x00007f04480bf000 nmethod 537 0x00007f043922bf90 code [0x00007f043922c160, 0x00007f043922c6e8]
Event: 58.624 Thread 0x00007f04480bf000  539       3       java.lang.Class::argumentTypesToString (79 bytes)
Event: 58.624 Thread 0x00007f04480bf000 nmethod 539 0x00007f043922ea90 code [0x00007f043922ecc0, 0x00007f043922f918]
Event: 58.624 Thread 0x00007f04480bf000  538       3       java.lang.Class::arrayContentsEq (70 bytes)

GC Heap History (4 events):
Event: 0.131 GC heap before
{Heap before GC invocations=1 (full 0):
 PSYoungGen      total 75264K, used 7744K [0x000000076ca00000, 0x0000000771e00000, 0x00000007c0000000)
  eden space 64512K, 12% used [0x000000076ca00000,0x000000076d1902a0,0x0000000770900000)
  from space 10752K, 0% used [0x0000000771380000,0x0000000771380000,0x0000000771e00000)
  to   space 10752K, 0% used [0x0000000770900000,0x0000000770900000,0x0000000771380000)
 ParOldGen       total 172032K, used 0K [0x00000006c5e00000, 0x00000006d0600000, 0x000000076ca00000)
  object space 172032K, 0% used [0x00000006c5e00000,0x00000006c5e00000,0x00000006d0600000)
 Metaspace       used 5983K, capacity 6138K, committed 6144K, reserved 1056768K
  class space    used 700K, capacity 767K, committed 768K, reserved 1048576K
Event: 0.133 GC heap after
Heap after GC invocations=1 (full 0):
 PSYoungGen      total 75264K, used 976K [0x000000076ca00000, 0x0000000771e00000, 0x00000007c0000000)
  eden space 64512K, 0% used [0x000000076ca00000,0x000000076ca00000,0x0000000770900000)
  from space 10752K, 9% used [0x0000000770900000,0x00000007709f4010,0x0000000771380000)
  to   space 10752K, 0% used [0x0000000771380000,0x0000000771380000,0x0000000771e00000)
 ParOldGen       total 172032K, used 8K [0x00000006c5e00000, 0x00000006d0600000, 0x000000076ca00000)
  object space 172032K, 0% used [0x00000006c5e00000,0x00000006c5e02000,0x00000006d0600000)
 Metaspace       used 5983K, capacity 6138K, committed 6144K, reserved 1056768K
  class space    used 700K, capacity 767K, committed 768K, reserved 1048576K
}
Event: 0.133 GC heap before
{Heap before GC invocations=2 (full 1):
 PSYoungGen      total 75264K, used 976K [0x000000076ca00000, 0x0000000771e00000, 0x00000007c0000000)
  eden space 64512K, 0% used [0x000000076ca00000,0x000000076ca00000,0x0000000770900000)
  from space 10752K, 9% used [0x0000000770900000,0x00000007709f4010,0x0000000771380000)
  to   space 10752K, 0% used [0x0000000771380000,0x0000000771380000,0x0000000771e00000)
 ParOldGen       total 172032K, used 8K [0x00000006c5e00000, 0x00000006d0600000, 0x000000076ca00000)
  object space 172032K, 0% used [0x00000006c5e00000,0x00000006c5e02000,0x00000006d0600000)
 Metaspace       used 5983K, capacity 6138K, committed 6144K, reserved 1056768K
  class space    used 700K, capacity 767K, committed 768K, reserved 1048576K
Event: 0.139 GC heap after
Heap after GC invocations=2 (full 1):
 PSYoungGen      total 75264K, used 0K [0x000000076ca00000, 0x0000000771e00000, 0x00000007c0000000)
  eden space 64512K, 0% used [0x000000076ca00000,0x000000076ca00000,0x0000000770900000)
  from space 10752K, 0% used [0x0000000770900000,0x0000000770900000,0x0000000771380000)
  to   space 10752K, 0% used [0x0000000771380000,0x0000000771380000,0x0000000771e00000)
 ParOldGen       total 172032K, used 910K [0x00000006c5e00000, 0x00000006d0600000, 0x000000076ca00000)
  object space 172032K, 0% used [0x00000006c5e00000,0x00000006c5ee3b70,0x00000006d0600000)
 Metaspace       used 5983K, capacity 6138K, committed 6144K, reserved 1056768K
  class space    used 700K, capacity 767K, committed 768K, reserved 1048576K
}

Deoptimization events (1 events):
Event: 57.094 Thread 0x00007f03e0001000 Uncommon trap: reason=unstable_if action=reinterpret pc=0x00007f04391928b8 method=java.lang.String.replace(CC)Ljava/lang/String; @ 26

Internal exceptions (10 events):
Event: 57.352 Thread 0x00007f03e0002800 Exception <a 'java/lang/ArrayIndexOutOfBoundsException'> (0x000000076d3d9af8) thrown at [/HUDSON3/workspace/8-2-build-linux-amd64/jdk8u121/8372/hotspot/src/share/vm/runtime/sharedRuntime.cpp, line 605]
Event: 57.353 Thread 0x00007f03e0002800 Exception <a 'java/lang/ArrayIndexOutOfBoundsException'> (0x000000076d3e47d8) thrown at [/HUDSON3/workspace/8-2-build-linux-amd64/jdk8u121/8372/hotspot/src/share/vm/runtime/sharedRuntime.cpp, line 605]
Event: 57.353 Thread 0x00007f03e0002800 Exception <a 'java/lang/ArrayIndexOutOfBoundsException'> (0x000000076d3ebae0) thrown at [/HUDSON3/workspace/8-2-build-linux-amd64/jdk8u121/8372/hotspot/src/share/vm/runtime/sharedRuntime.cpp, line 605]
Event: 57.353 Thread 0x00007f03e0002800 Exception <a 'java/lang/ArrayIndexOutOfBoundsException'> (0x000000076d3f1168) thrown at [/HUDSON3/workspace/8-2-build-linux-amd64/jdk8u121/8372/hotspot/src/share/vm/runtime/sharedRuntime.cpp, line 605]
Event: 57.354 Thread 0x00007f03e0002800 Exception <a 'java/lang/ArrayIndexOutOfBoundsException'> (0x000000076d408a38) thrown at [/HUDSON3/workspace/8-2-build-linux-amd64/jdk8u121/8372/hotspot/src/share/vm/runtime/sharedRuntime.cpp, line 605]
Event: 57.365 Thread 0x00007f03e0002800 Exception <a 'java/lang/NoSuchMethodError': <clinit>> (0x000000076d434e08) thrown at [/HUDSON3/workspace/8-2-build-linux-amd64/jdk8u121/8372/hotspot/src/share/vm/prims/jni.cpp, line 1613]
Event: 57.365 Thread 0x00007f03e0002800 Exception <a 'java/lang/NoSuchMethodError': <clinit>> (0x000000076d43f960) thrown at [/HUDSON3/workspace/8-2-build-linux-amd64/jdk8u121/8372/hotspot/src/share/vm/prims/jni.cpp, line 1613]
Event: 58.622 Thread 0x00007f03e0002800 Exception <a 'java/lang/NoSuchMethodError': <clinit>> (0x000000076d48e8a0) thrown at [/HUDSON3/workspace/8-2-build-linux-amd64/jdk8u121/8372/hotspot/src/share/vm/prims/jni.cpp, line 1613]
Event: 58.623 Thread 0x00007f03e0002800 Exception <a 'java/lang/NoSuchMethodError': <clinit>> (0x000000076d4bde88) thrown at [/HUDSON3/workspace/8-2-build-linux-amd64/jdk8u121/8372/hotspot/src/share/vm/prims/jni.cpp, line 1613]
Event: 58.624 Thread 0x00007f03e0002800 Exception <a 'java/lang/NoSuchMethodError': <clinit>> (0x000000076d4df348) thrown at [/HUDSON3/workspace/8-2-build-linux-amd64/jdk8u121/8372/hotspot/src/share/vm/prims/jni.cpp, line 1613]

Events (10 events):
Event: 58.620 loading class java/lang/UnsupportedOperationException
Event: 58.620 loading class java/lang/UnsupportedOperationException done
Event: 58.621 loading class org/opencv/core/Range
Event: 58.621 loading class org/opencv/core/Range done
Event: 58.621 loading class org/opencv/core/Point
Event: 58.621 loading class org/opencv/core/Point done
Event: 58.621 loading class org/opencv/core/Scalar
Event: 58.621 loading class org/opencv/core/Scalar done
Event: 58.621 loading class org/opencv/core/Rect
Event: 58.621 loading class org/opencv/core/Rect done


Dynamic libraries:
00400000-00401000 r-xp 00000000 08:11 5779985                            /usr/lib/jvm/java-8-oracle/jre/bin/java
00600000-00601000 rw-p 00000000 08:11 5779985                            /usr/lib/jvm/java-8-oracle/jre/bin/java
014d9000-014fa000 rw-p 00000000 00:00 0                                  [heap]
6c5e00000-6d0600000 rw-p 00000000 00:00 0 
6d0600000-76ca00000 ---p 00000000 00:00 0 
76ca00000-771e00000 rw-p 00000000 00:00 0 
771e00000-7c0000000 ---p 00000000 00:00 0 
7c0000000-7c0100000 rw-p 00000000 00:00 0 
7c0100000-800000000 ---p 00000000 00:00 0 
7f03bc000000-7f03bc29f000 rw-p 00000000 00:00 0 
7f03bc29f000-7f03c0000000 ---p 00000000 00:00 0 
7f03c4000000-7f03c4021000 rw-p 00000000 00:00 0 
7f03c4021000-7f03c8000000 ---p 00000000 00:00 0 
7f03c8000000-7f03c8021000 rw-p 00000000 00:00 0 
7f03c8021000-7f03cc000000 ---p 00000000 00:00 0 
7f03cc000000-7f03cc021000 rw-p 00000000 00:00 0 
7f03cc021000-7f03d0000000 ---p 00000000 00:00 0 
7f03d0000000-7f03d0079000 rw-p 00000000 00:00 0 
7f03d0079000-7f03d4000000 ---p 00000000 00:00 0 
7f03d4000000-7f03d4021000 rw-p 00000000 00:00 0 
7f03d4021000-7f03d8000000 ---p 00000000 00:00 0 
7f03d8000000-7f03d8021000 rw-p 00000000 00:00 0 
7f03d8021000-7f03dc000000 ---p 00000000 00:00 0 
7f03dd5d8000-7f03dfec8000 r-xp 00000000 08:11 2504314                    /home/bladestery/Downloads/OpenCV-android-sdk/sdk/native/libs/x86_64/libopencv_java3.so
7f03dfec8000-7f03dfefe000 r--p 028ef000 08:11 2504314                    /home/bladestery/Downloads/OpenCV-android-sdk/sdk/native/libs/x86_64/libopencv_java3.so
7f03dfefe000-7f03dff47000 rw-p 02925000 08:11 2504314                    /home/bladestery/Downloads/OpenCV-android-sdk/sdk/native/libs/x86_64/libopencv_java3.so
7f03dff47000-7f03e0000000 rw-p 00000000 00:00 0 
7f03e0000000-7f03e0021000 rw-p 00000000 00:00 0 
7f03e0021000-7f03e4000000 ---p 00000000 00:00 0 
7f03e4000000-7f03e4021000 rw-p 00000000 00:00 0 
7f03e4021000-7f03e8000000 ---p 00000000 00:00 0 
7f03e8000000-7f03e8021000 rw-p 00000000 00:00 0 
7f03e8021000-7f03ec000000 ---p 00000000 00:00 0 
7f03ec000000-7f03ec021000 rw-p 00000000 00:00 0 
7f03ec021000-7f03f0000000 ---p 00000000 00:00 0 
7f03f0000000-7f03f0021000 rw-p 00000000 00:00 0 
7f03f0021000-7f03f4000000 ---p 00000000 00:00 0 
7f03f4000000-7f03f4021000 rw-p 00000000 00:00 0 
7f03f4021000-7f03f8000000 ---p 00000000 00:00 0 
7f03f8000000-7f03f8021000 rw-p 00000000 00:00 0 
7f03f8021000-7f03fc000000 ---p 00000000 00:00 0 
7f03fc000000-7f03fc021000 rw-p 00000000 00:00 0 
7f03fc021000-7f0400000000 ---p 00000000 00:00 0 
7f0400000000-7f0400149000 rw-p 00000000 00:00 0 
7f0400149000-7f0404000000 ---p 00000000 00:00 0 
7f0404000000-7f0404193000 rw-p 00000000 00:00 0 
7f0404193000-7f0408000000 ---p 00000000 00:00 0 
7f0408000000-7f0408021000 rw-p 00000000 00:00 0 
7f0408021000-7f040c000000 ---p 00000000 00:00 0 
7f040c000000-7f040c178000 rw-p 00000000 00:00 0 
7f040c178000-7f0410000000 ---p 00000000 00:00 0 
7f0410000000-7f0410021000 rw-p 00000000 00:00 0 
7f0410021000-7f0414000000 ---p 00000000 00:00 0 
7f0414000000-7f0414021000 rw-p 00000000 00:00 0 
7f0414021000-7f0418000000 ---p 00000000 00:00 0 
7f0418000000-7f0418021000 rw-p 00000000 00:00 0 
7f0418021000-7f041c000000 ---p 00000000 00:00 0 
7f041c2f0000-7f0424000000 rw-p 00000000 00:00 0 
7f0424000000-7f0424021000 rw-p 00000000 00:00 0 
7f0424021000-7f0428000000 ---p 00000000 00:00 0 
7f0428000000-7f0428021000 rw-p 00000000 00:00 0 
7f0428021000-7f042c000000 ---p 00000000 00:00 0 
7f042c000000-7f042c021000 rw-p 00000000 00:00 0 
7f042c021000-7f0430000000 ---p 00000000 00:00 0 
7f0431c65000-7f0431c68000 ---p 00000000 00:00 0 
7f0431c68000-7f0431d66000 rw-p 00000000 00:00 0 
7f0431d66000-7f0431d69000 ---p 00000000 00:00 0 
7f0431d69000-7f0431e67000 rw-p 00000000 00:00 0 
7f0431e67000-7f0431e6a000 ---p 00000000 00:00 0 
7f0431e6a000-7f0431f68000 rw-p 00000000 00:00 0 
7f0431f68000-7f0431f6b000 ---p 00000000 00:00 0 
7f0431f6b000-7f0432069000 rw-p 00000000 00:00 0 
7f0432069000-7f043206c000 ---p 00000000 00:00 0 
7f043206c000-7f043216a000 rw-p 00000000 00:00 0 
7f043216a000-7f043216d000 ---p 00000000 00:00 0 
7f043216d000-7f043226b000 rw-p 00000000 00:00 0 
7f043226b000-7f0432287000 r--s 00393000 08:11 5780222                    /usr/lib/jvm/java-8-oracle/jre/lib/ext/cldrdata.jar
7f0432287000-7f0432291000 r--s 00116000 08:11 5780220                    /usr/lib/jvm/java-8-oracle/jre/lib/ext/localedata.jar
7f0432291000-7f0432298000 r--s 00000000 08:11 4724481                    /usr/lib/x86_64-linux-gnu/gconv/gconv-modules.cache
7f0432298000-7f043229b000 ---p 00000000 00:00 0 
7f043229b000-7f0432399000 rw-p 00000000 00:00 0 
7f0432399000-7f043239c000 ---p 00000000 00:00 0 
7f043239c000-7f043249a000 rw-p 00000000 00:00 0 
7f043249a000-7f043249d000 ---p 00000000 00:00 0 
7f043249d000-7f043259b000 rw-p 00000000 00:00 0 
7f043259b000-7f043259e000 ---p 00000000 00:00 0 
7f043259e000-7f043269c000 rw-p 00000000 00:00 0 
7f043269c000-7f043269f000 ---p 00000000 00:00 0 
7f043269f000-7f043279d000 rw-p 00000000 00:00 0 
7f043279d000-7f04327a0000 ---p 00000000 00:00 0 
7f04327a0000-7f043289e000 rw-p 00000000 00:00 0 
7f043289e000-7f04328b5000 r-xp 00000000 08:11 2374484                    /lib/x86_64-linux-gnu/libresolv-2.19.so
7f04328b5000-7f0432ab5000 ---p 00017000 08:11 2374484                    /lib/x86_64-linux-gnu/libresolv-2.19.so
7f0432ab5000-7f0432ab6000 r--p 00017000 08:11 2374484                    /lib/x86_64-linux-gnu/libresolv-2.19.so
7f0432ab6000-7f0432ab7000 rw-p 00018000 08:11 2374484                    /lib/x86_64-linux-gnu/libresolv-2.19.so
7f0432ab7000-7f0432ab9000 rw-p 00000000 00:00 0 
7f0432ab9000-7f0432abe000 r-xp 00000000 08:11 2374493                    /lib/x86_64-linux-gnu/libnss_dns-2.19.so
7f0432abe000-7f0432cbd000 ---p 00005000 08:11 2374493                    /lib/x86_64-linux-gnu/libnss_dns-2.19.so
7f0432cbd000-7f0432cbe000 r--p 00004000 08:11 2374493                    /lib/x86_64-linux-gnu/libnss_dns-2.19.so
7f0432cbe000-7f0432cbf000 rw-p 00005000 08:11 2374493                    /lib/x86_64-linux-gnu/libnss_dns-2.19.so
7f0432cbf000-7f0432cc1000 r-xp 00000000 08:11 2363696                    /lib/x86_64-linux-gnu/libnss_mdns4_minimal.so.2
7f0432cc1000-7f0432ec0000 ---p 00002000 08:11 2363696                    /lib/x86_64-linux-gnu/libnss_mdns4_minimal.so.2
7f0432ec0000-7f0432ec1000 r--p 00001000 08:11 2363696                    /lib/x86_64-linux-gnu/libnss_mdns4_minimal.so.2
7f0432ec1000-7f0432ec2000 rw-p 00002000 08:11 2363696                    /lib/x86_64-linux-gnu/libnss_mdns4_minimal.so.2
7f0432ec2000-7f0432ef3000 rw-p 00000000 00:00 0 
7f0432ef3000-7f0432f09000 r-xp 00000000 08:11 5780491                    /usr/lib/jvm/java-8-oracle/jre/lib/amd64/libnet.so
7f0432f09000-7f0433109000 ---p 00016000 08:11 5780491                    /usr/lib/jvm/java-8-oracle/jre/lib/amd64/libnet.so
7f0433109000-7f043310a000 rw-p 00016000 08:11 5780491                    /usr/lib/jvm/java-8-oracle/jre/lib/amd64/libnet.so
7f043310a000-7f043310d000 ---p 00000000 00:00 0 
7f043310d000-7f043320b000 rw-p 00000000 00:00 0 
7f043320b000-7f043320c000 r-xp 00000000 08:11 263814                     /home/bladestery/android-studio/bin/libbreakgen64.so
7f043320c000-7f043340b000 ---p 00001000 08:11 263814                     /home/bladestery/android-studio/bin/libbreakgen64.so
7f043340b000-7f043340c000 r--p 00000000 08:11 263814                     /home/bladestery/android-studio/bin/libbreakgen64.so
7f043340c000-7f043340d000 rw-p 00001000 08:11 263814                     /home/bladestery/android-studio/bin/libbreakgen64.so
7f043340d000-7f043340e000 ---p 00000000 00:00 0 
7f043340e000-7f043350e000 rw-p 00000000 00:00 0 
7f043350e000-7f0433511000 ---p 00000000 00:00 0 
7f0433511000-7f043360f000 rw-p 00000000 00:00 0 
7f043360f000-7f0433612000 ---p 00000000 00:00 0 
7f0433612000-7f0433710000 rw-p 00000000 00:00 0 
7f0433710000-7f0433713000 ---p 00000000 00:00 0 
7f0433713000-7f0433811000 rw-p 00000000 00:00 0 
7f0433811000-7f0433814000 ---p 00000000 00:00 0 
7f0433814000-7f0433912000 rw-p 00000000 00:00 0 
7f0433912000-7f0434000000 r--p 00000000 08:11 4332354                    /usr/lib/locale/locale-archive
7f0434000000-7f0434021000 rw-p 00000000 00:00 0 
7f0434021000-7f0438000000 ---p 00000000 00:00 0 
7f0438004000-7f0438014000 r-xp 00000000 08:11 4594162                    /usr/local/lib/libc.so
7f0438014000-7f0438015000 r--p 0000f000 08:11 4594162                    /usr/local/lib/libc.so
7f0438015000-7f0438016000 rw-p 00000000 00:00 0 
7f0438016000-7f0438018000 r-xp 00000000 08:11 4594996                    /usr/local/lib/libz.so
7f0438018000-7f0438019000 r--p 00001000 08:11 4594996                    /usr/local/lib/libz.so
7f0438019000-7f043801a000 rw-p 00000000 00:00 0 
7f043801a000-7f043801b000 r-xp 00000000 08:11 4594304                    /usr/local/lib/libjnigraphics.so
7f043801b000-7f043801c000 r--p 00000000 08:11 4594304                    /usr/local/lib/libjnigraphics.so
7f043801c000-7f043801d000 r-xp 00000000 08:11 4594305                    /usr/local/lib/liblog.so
7f043801d000-7f043801e000 r--p 00000000 08:11 4594305                    /usr/local/lib/liblog.so
7f043801e000-7f0438022000 r-xp 00000000 08:11 4594311                    /usr/local/lib/libm.so
7f0438022000-7f0438023000 r--p 00003000 08:11 4594311                    /usr/local/lib/libm.so
7f0438023000-7f0438024000 rw-p 00000000 00:00 0 
7f0438024000-7f0438028000 r--s 0009a000 08:11 5780211                    /usr/lib/jvm/java-8-oracle/jre/lib/jsse.jar
7f0438028000-7f043802f000 r--s 00044000 08:11 796243                     /home/bladestery/Sapphire/example_apps/AndroidStudioMinnie/sapphire/libs/rmi.jar
7f043802f000-7f043803c000 r--s 000af000 08:11 787537                     /home/bladestery/Sapphire/example_apps/AndroidStudioMinnie/sapphire/libs/luni.jar
7f043803c000-7f0438041000 r--s 0005b000 08:11 787535                     /home/bladestery/Sapphire/example_apps/AndroidStudioMinnie/sapphire/libs/kernel.jar
7f0438041000-7f043804e000 r--s 0007d000 08:11 10914253                   /home/bladestery/Android/Sdk/extras/android/m2repository/com/android/support/support-v4/18.0.0/support-v4-18.0.0.jar
7f043804e000-7f0438061000 r--s 00345000 08:11 5791266                    /usr/lib/jvm/java-8-oracle/jre/lib/resources.jar
7f0438061000-7f0438073000 r--s 000d6000 08:11 5788735                    /usr/lib/jvm/java-8-oracle/jre/lib/plugin.jar
7f0438073000-7f043808e000 r--s 00209000 08:11 5780231                    /usr/lib/jvm/java-8-oracle/jre/lib/deploy.jar
7f043808e000-7f0438091000 ---p 00000000 00:00 0 
7f0438091000-7f043818f000 rw-p 00000000 00:00 0 
7f043818f000-7f0438192000 ---p 00000000 00:00 0 
7f0438192000-7f0438290000 rw-p 00000000 00:00 0 
7f0438290000-7f0438293000 ---p 00000000 00:00 0 
7f0438293000-7f0438391000 rw-p 00000000 00:00 0 
7f0438391000-7f0438392000 ---p 00000000 00:00 0 
7f0438392000-7f0439000000 rw-p 00000000 00:00 0 
7f0439000000-7f0439270000 rwxp 00000000 00:00 0 
7f0439270000-7f0448000000 ---p 00000000 00:00 0 
7f0448000000-7f04484f5000 rw-p 00000000 00:00 0 
7f04484f5000-7f044c000000 ---p 00000000 00:00 0 
7f044c000000-7f044c001000 r-xp 00000000 08:11 4594163                    /usr/local/lib/libdl.so
7f044c001000-7f044c002000 r--p 00000000 08:11 4594163                    /usr/local/lib/libdl.so
7f044c002000-7f044c004000 r--s 0001e000 08:11 263678                     /home/bladestery/android-studio/lib/idea_rt.jar
7f044c004000-7f044c006000 r--s 00004000 08:11 2632744                    /home/bladestery/.android/build-cache/5571cc53e226dd972ab7e19d8292d7b30ca1fd83/output/jars/classes.jar
7f044c006000-7f044c009000 r--s 0001d000 08:11 787536                     /home/bladestery/Sapphire/example_apps/AndroidStudioMinnie/sapphire/libs/log4j-api-2.1.jar
7f044c009000-7f044c00d000 r--s 0009a000 08:11 5780211                    /usr/lib/jvm/java-8-oracle/jre/lib/jsse.jar
7f044c00d000-7f044c4a2000 rw-p 00000000 00:00 0 
7f044c4a2000-7f044c67b000 r--s 03d3e000 08:11 5780009                    /usr/lib/jvm/java-8-oracle/jre/lib/rt.jar
7f044c67b000-7f044cdb1000 rw-p 00000000 00:00 0 
7f044cdb1000-7f044cef1000 ---p 00000000 00:00 0 
7f044cef1000-7f044d6c2000 rw-p 00000000 00:00 0 
7f044d6c2000-7f044d6c3000 ---p 00000000 00:00 0 
7f044d6c3000-7f044d7c3000 rw-p 00000000 00:00 0 
7f044d7c3000-7f044d7c4000 ---p 00000000 00:00 0 
7f044d7c4000-7f044d8c4000 rw-p 00000000 00:00 0 
7f044d8c4000-7f044d8c5000 ---p 00000000 00:00 0 
7f044d8c5000-7f044d9c5000 rw-p 00000000 00:00 0 
7f044d9c5000-7f044d9c6000 ---p 00000000 00:00 0 
7f044d9c6000-7f044db1a000 rw-p 00000000 00:00 0 
7f044db1a000-7f044dffc000 ---p 00000000 00:00 0 
7f044dffc000-7f044e050000 rw-p 00000000 00:00 0 
7f044e050000-7f044e532000 ---p 00000000 00:00 0 
7f044e532000-7f044e55c000 rw-p 00000000 00:00 0 
7f044e55c000-7f044e7cd000 ---p 00000000 00:00 0 
7f044e7cd000-7f044e7d8000 rw-p 00000000 00:00 0 
7f044e7d8000-7f044eb8e000 ---p 00000000 00:00 0 
7f044eb8e000-7f044eba8000 r-xp 00000000 08:11 5780483                    /usr/lib/jvm/java-8-oracle/jre/lib/amd64/libzip.so
7f044eba8000-7f044eda8000 ---p 0001a000 08:11 5780483                    /usr/lib/jvm/java-8-oracle/jre/lib/amd64/libzip.so
7f044eda8000-7f044eda9000 rw-p 0001a000 08:11 5780483                    /usr/lib/jvm/java-8-oracle/jre/lib/amd64/libzip.so
7f044eda9000-7f044edb3000 r-xp 00000000 08:11 2374500                    /lib/x86_64-linux-gnu/libnss_files-2.19.so
7f044edb3000-7f044efb2000 ---p 0000a000 08:11 2374500                    /lib/x86_64-linux-gnu/libnss_files-2.19.so
7f044efb2000-7f044efb3000 r--p 00009000 08:11 2374500                    /lib/x86_64-linux-gnu/libnss_files-2.19.so
7f044efb3000-7f044efb4000 rw-p 0000a000 08:11 2374500                    /lib/x86_64-linux-gnu/libnss_files-2.19.so
7f044efb4000-7f044efbf000 r-xp 00000000 08:11 2374485                    /lib/x86_64-linux-gnu/libnss_nis-2.19.so
7f044efbf000-7f044f1be000 ---p 0000b000 08:11 2374485                    /lib/x86_64-linux-gnu/libnss_nis-2.19.so
7f044f1be000-7f044f1bf000 r--p 0000a000 08:11 2374485                    /lib/x86_64-linux-gnu/libnss_nis-2.19.so
7f044f1bf000-7f044f1c0000 rw-p 0000b000 08:11 2374485                    /lib/x86_64-linux-gnu/libnss_nis-2.19.so
7f044f1c0000-7f044f1d7000 r-xp 00000000 08:11 2374494                    /lib/x86_64-linux-gnu/libnsl-2.19.so
7f044f1d7000-7f044f3d6000 ---p 00017000 08:11 2374494                    /lib/x86_64-linux-gnu/libnsl-2.19.so
7f044f3d6000-7f044f3d7000 r--p 00016000 08:11 2374494                    /lib/x86_64-linux-gnu/libnsl-2.19.so
7f044f3d7000-7f044f3d8000 rw-p 00017000 08:11 2374494                    /lib/x86_64-linux-gnu/libnsl-2.19.so
7f044f3d8000-7f044f3da000 rw-p 00000000 00:00 0 
7f044f3da000-7f044f3e3000 r-xp 00000000 08:11 2374492                    /lib/x86_64-linux-gnu/libnss_compat-2.19.so
7f044f3e3000-7f044f5e2000 ---p 00009000 08:11 2374492                    /lib/x86_64-linux-gnu/libnss_compat-2.19.so
7f044f5e2000-7f044f5e3000 r--p 00008000 08:11 2374492                    /lib/x86_64-linux-gnu/libnss_compat-2.19.so
7f044f5e3000-7f044f5e4000 rw-p 00009000 08:11 2374492                    /lib/x86_64-linux-gnu/libnss_compat-2.19.so
7f044f5e4000-7f044f60f000 r-xp 00000000 08:11 5780470                    /usr/lib/jvm/java-8-oracle/jre/lib/amd64/libjava.so
7f044f60f000-7f044f80e000 ---p 0002b000 08:11 5780470                    /usr/lib/jvm/java-8-oracle/jre/lib/amd64/libjava.so
7f044f80e000-7f044f810000 rw-p 0002a000 08:11 5780470                    /usr/lib/jvm/java-8-oracle/jre/lib/amd64/libjava.so
7f044f810000-7f044f81d000 r-xp 00000000 08:11 5780487                    /usr/lib/jvm/java-8-oracle/jre/lib/amd64/libverify.so
7f044f81d000-7f044fa1c000 ---p 0000d000 08:11 5780487                    /usr/lib/jvm/java-8-oracle/jre/lib/amd64/libverify.so
7f044fa1c000-7f044fa1e000 rw-p 0000c000 08:11 5780487                    /usr/lib/jvm/java-8-oracle/jre/lib/amd64/libverify.so
7f044fa1e000-7f044fa25000 r-xp 00000000 08:11 2374482                    /lib/x86_64-linux-gnu/librt-2.19.so
7f044fa25000-7f044fc24000 ---p 00007000 08:11 2374482                    /lib/x86_64-linux-gnu/librt-2.19.so
7f044fc24000-7f044fc25000 r--p 00006000 08:11 2374482                    /lib/x86_64-linux-gnu/librt-2.19.so
7f044fc25000-7f044fc26000 rw-p 00007000 08:11 2374482                    /lib/x86_64-linux-gnu/librt-2.19.so
7f044fc26000-7f044fd2b000 r-xp 00000000 08:11 2374495                    /lib/x86_64-linux-gnu/libm-2.19.so
7f044fd2b000-7f044ff2a000 ---p 00105000 08:11 2374495                    /lib/x86_64-linux-gnu/libm-2.19.so
7f044ff2a000-7f044ff2b000 r--p 00104000 08:11 2374495                    /lib/x86_64-linux-gnu/libm-2.19.so
7f044ff2b000-7f044ff2c000 rw-p 00105000 08:11 2374495                    /lib/x86_64-linux-gnu/libm-2.19.so
7f044ff2c000-7f0450bfa000 r-xp 00000000 08:11 5780504                    /usr/lib/jvm/java-8-oracle/jre/lib/amd64/server/libjvm.so
7f0450bfa000-7f0450dfa000 ---p 00cce000 08:11 5780504                    /usr/lib/jvm/java-8-oracle/jre/lib/amd64/server/libjvm.so
7f0450dfa000-7f0450ed3000 rw-p 00cce000 08:11 5780504                    /usr/lib/jvm/java-8-oracle/jre/lib/amd64/server/libjvm.so
7f0450ed3000-7f0450f1e000 rw-p 00000000 00:00 0 
7f0450f1e000-7f04510dc000 r-xp 00000000 08:11 2374491                    /lib/x86_64-linux-gnu/libc-2.19.so
7f04510dc000-7f04512db000 ---p 001be000 08:11 2374491                    /lib/x86_64-linux-gnu/libc-2.19.so
7f04512db000-7f04512df000 r--p 001bd000 08:11 2374491                    /lib/x86_64-linux-gnu/libc-2.19.so
7f04512df000-7f04512e1000 rw-p 001c1000 08:11 2374491                    /lib/x86_64-linux-gnu/libc-2.19.so
7f04512e1000-7f04512e6000 rw-p 00000000 00:00 0 
7f04512e6000-7f04512e9000 r-xp 00000000 08:11 2374501                    /lib/x86_64-linux-gnu/libdl-2.19.so
7f04512e9000-7f04514e8000 ---p 00003000 08:11 2374501                    /lib/x86_64-linux-gnu/libdl-2.19.so
7f04514e8000-7f04514e9000 r--p 00002000 08:11 2374501                    /lib/x86_64-linux-gnu/libdl-2.19.so
7f04514e9000-7f04514ea000 rw-p 00003000 08:11 2374501                    /lib/x86_64-linux-gnu/libdl-2.19.so
7f04514ea000-7f04514ff000 r-xp 00000000 08:11 5780523                    /usr/lib/jvm/java-8-oracle/jre/lib/amd64/jli/libjli.so
7f04514ff000-7f04516ff000 ---p 00015000 08:11 5780523                    /usr/lib/jvm/java-8-oracle/jre/lib/amd64/jli/libjli.so
7f04516ff000-7f0451700000 rw-p 00015000 08:11 5780523                    /usr/lib/jvm/java-8-oracle/jre/lib/amd64/jli/libjli.so
7f0451700000-7f0451719000 r-xp 00000000 08:11 2374502                    /lib/x86_64-linux-gnu/libpthread-2.19.so
7f0451719000-7f0451918000 ---p 00019000 08:11 2374502                    /lib/x86_64-linux-gnu/libpthread-2.19.so
7f0451918000-7f0451919000 r--p 00018000 08:11 2374502                    /lib/x86_64-linux-gnu/libpthread-2.19.so
7f0451919000-7f045191a000 rw-p 00019000 08:11 2374502                    /lib/x86_64-linux-gnu/libpthread-2.19.so
7f045191a000-7f045191e000 rw-p 00000000 00:00 0 
7f045191e000-7f0451941000 r-xp 00000000 08:11 2374499                    /lib/x86_64-linux-gnu/ld-2.19.so
7f0451941000-7f0451942000 rw-p 00000000 00:00 0 
7f0451942000-7f0451947000 r--s 00084000 08:11 5788739                    /usr/lib/jvm/java-8-oracle/jre/lib/jfr.jar
7f0451947000-7f0451a19000 rw-p 00000000 00:00 0 
7f0451a19000-7f0451a1c000 ---p 00000000 00:00 0 
7f0451a1c000-7f0451b1f000 rw-p 00000000 00:00 0 
7f0451b1f000-7f0451b20000 r--s 00000000 08:11 5780020                    /usr/lib/jvm/java-8-oracle/jre/lib/management-agent.jar
7f0451b20000-7f0451b22000 r--s 00007000 08:11 5781204                    /usr/lib/jvm/java-8-oracle/jre/lib/jfxswt.jar
7f0451b22000-7f0451b25000 r--s 0001a000 08:11 5781146                    /usr/lib/jvm/java-8-oracle/jre/lib/jce.jar
7f0451b25000-7f0451b2f000 r--s 0006c000 08:11 5791262                    /usr/lib/jvm/java-8-oracle/jre/lib/javaws.jar
7f0451b2f000-7f0451b34000 r--s 002f9000 08:11 5788736                    /usr/lib/jvm/java-8-oracle/jre/lib/charsets.jar
7f0451b34000-7f0451b3c000 rw-s 00000000 08:11 8660443                    /tmp/hsperfdata_bladestery/21639
7f0451b3c000-7f0451b3d000 rw-p 00000000 00:00 0 
7f0451b3d000-7f0451b3e000 r--p 00000000 00:00 0 
7f0451b3e000-7f0451b40000 rw-p 00000000 00:00 0 
7f0451b40000-7f0451b41000 r--p 00022000 08:11 2374499                    /lib/x86_64-linux-gnu/ld-2.19.so
7f0451b41000-7f0451b42000 rw-p 00023000 08:11 2374499                    /lib/x86_64-linux-gnu/ld-2.19.so
7f0451b42000-7f0451b43000 rw-p 00000000 00:00 0 
7ffcc166f000-7ffcc1691000 rw-p 00000000 00:00 0                          [stack]
7ffcc17c7000-7ffcc17c9000 r--p 00000000 00:00 0                          [vvar]
7ffcc17c9000-7ffcc17cb000 r-xp 00000000 00:00 0                          [vdso]
ffffffffff600000-ffffffffff601000 r-xp 00000000 00:00 0                  [vsyscall]

VM Arguments:
jvm_args: -Djava.library.path=.:/home/bladestery/Downloads/OpenCV-android-sdk/sdk/native/libs/x86_64 -Didea.launcher.port=7532 -Didea.launcher.bin.path=/home/bladestery/android-studio/bin -Dfile.encoding=UTF-8 
java_command: com.intellij.rt.execution.application.AppMain sapphire.kernel.server.KernelServerImpl 192.168.1.2 22345 192.168.1.2 22346
java_class_path (initial): /usr/lib/jvm/java-8-oracle/jre/lib/charsets.jar:/usr/lib/jvm/java-8-oracle/jre/lib/deploy.jar:/usr/lib/jvm/java-8-oracle/jre/lib/ext/cldrdata.jar:/usr/lib/jvm/java-8-oracle/jre/lib/ext/dnsns.jar:/usr/lib/jvm/java-8-oracle/jre/lib/ext/jaccess.jar:/usr/lib/jvm/java-8-oracle/jre/lib/ext/jfxrt.jar:/usr/lib/jvm/java-8-oracle/jre/lib/ext/localedata.jar:/usr/lib/jvm/java-8-oracle/jre/lib/ext/nashorn.jar:/usr/lib/jvm/java-8-oracle/jre/lib/ext/sunec.jar:/usr/lib/jvm/java-8-oracle/jre/lib/ext/sunjce_provider.jar:/usr/lib/jvm/java-8-oracle/jre/lib/ext/sunpkcs11.jar:/usr/lib/jvm/java-8-oracle/jre/lib/ext/zipfs.jar:/usr/lib/jvm/java-8-oracle/jre/lib/javaws.jar:/usr/lib/jvm/java-8-oracle/jre/lib/jce.jar:/usr/lib/jvm/java-8-oracle/jre/lib/jfr.jar:/usr/lib/jvm/java-8-oracle/jre/lib/jfxswt.jar:/usr/lib/jvm/java-8-oracle/jre/lib/jsse.jar:/usr/lib/jvm/java-8-oracle/jre/lib/management-agent.jar:/usr/lib/jvm/java-8-oracle/jre/lib/plugin.jar:/usr/lib/jvm/java-8-oracle/jre/lib/resources.jar:/usr/lib/jvm/java-8-oracle/jre/lib/rt.jar:/home/bladestery/Sapphire/example_apps/AndroidStudioMinnie/sapphire/build/intermediates/classes/debug:/home/bladestery/Sapphire/example_apps/AndroidStudioMinnie/sapphire/libs/log4j-api-2.1.jar:/home/bladestery/Android/Sdk/extras/android/m2repository/com/android/support/support-v4/18.0.0/support-v4-18.0.0.jar:/home/bladestery/.android/build-cache/5571cc53e226dd972ab7e19d8292d7b30ca1fd83/output/jars/classes.jar:/home/bladestery/.android/build-cache/5571cc53e226dd972ab7e19d8292d7b30ca1fd83/output/res:/home/bladestery/Sapphire/example_apps/AndroidStudioMinnie/sapphire/libs/kernel.jar:/home/bladestery/Sapphire/example_apps/AndroidStudioMinnie/sapphire/libs/luni.jar:/home/bladestery/Sapphire/example_apps/AndroidStudioMinnie/sapphire/libs/rmi.jar:/home/bladestery/android-studio/lib/idea_rt.jar
Launcher Type: SUN_STANDARD

Environment Variables:
JAVA_HOME=/usr/lib/jvm/java-8-oracle
PATH=/home/bladestery/anaconda2/bin:/home/bladestery/anaconda2/bin:/usr/local/sbin:/usr/local/bin:/usr/sbin:/usr/bin:/sbin:/bin:/usr/games:/usr/local/games:/usr/lib/jvm/java-8-oracle/bin:/usr/lib/jvm/java-8-oracle/db/bin:/usr/lib/jvm/java-8-oracle/jre/bin:/home/bladestery/android-studio/bin:/usr/local/cuda-8.0/bin:/usr/bin/:/home/bladestery/Android/Sdk:/home/bladestery/Android/Sdk/tools:/home/bladestery/Downloads/dex2jar-2.0:/home/bladestery/Android/Sdk/build-tools/25.0.2:/home/bladestery/Android/Sdk/platform-tools:/home/bladestery/android-studio/bin:/usr/local/cuda-8.0/bin:/usr/bin/:/home/bladestery/Android/Sdk:/home/bladestery/Android/Sdk/tools:/home/bladestery/Downloads/dex2jar-2.0:/home/bladestery/Android/Sdk/build-tools/25.0.2:/home/bladestery/Android/Sdk/platform-tools
LD_LIBRARY_PATH=/home/bladestery/android-studio/bin::/usr/local/cuda-8.0/lib64:/usr/local/cuda-8.0/extras/CUPTI/lib64:/usr/local/lib:/usr/local/cuda-8.0/lib64:/usr/local/cuda-8.0/extras/CUPTI/lib64:/usr/local/lib
SHELL=/bin/bash
DISPLAY=:0

Signal Handlers:
SIGSEGV: [libjvm.so+0xac78c0], sa_mask[0]=11111111011111111101111111111110, sa_flags=SA_RESTART|SA_SIGINFO
SIGBUS: [libjvm.so+0xac78c0], sa_mask[0]=11111111011111111101111111111110, sa_flags=SA_RESTART|SA_SIGINFO
SIGFPE: [libjvm.so+0x920ac0], sa_mask[0]=11111111011111111101111111111110, sa_flags=SA_RESTART|SA_SIGINFO
SIGPIPE: [libjvm.so+0x920ac0], sa_mask[0]=11111111011111111101111111111110, sa_flags=SA_RESTART|SA_SIGINFO
SIGXFSZ: [libjvm.so+0x920ac0], sa_mask[0]=11111111011111111101111111111110, sa_flags=SA_RESTART|SA_SIGINFO
SIGILL: [libjvm.so+0x920ac0], sa_mask[0]=11111111011111111101111111111110, sa_flags=SA_RESTART|SA_SIGINFO
SIGUSR1: SIG_DFL, sa_mask[0]=00000000000000000000000000000000, sa_flags=none
SIGUSR2: [libjvm.so+0x922300], sa_mask[0]=00100000000000000000000000000000, sa_flags=SA_RESTART|SA_SIGINFO
SIGHUP: [libjvm.so+0x923700], sa_mask[0]=11111111011111111101111111111110, sa_flags=SA_RESTART|SA_SIGINFO
SIGINT: [libjvm.so+0x923700], sa_mask[0]=11111111011111111101111111111110, sa_flags=SA_RESTART|SA_SIGINFO
SIGTERM: [libjvm.so+0x923700], sa_mask[0]=11111111011111111101111111111110, sa_flags=SA_RESTART|SA_SIGINFO
SIGQUIT: [libjvm.so+0x923700], sa_mask[0]=11111111011111111101111111111110, sa_flags=SA_RESTART|SA_SIGINFO


---------------  S Y S T E M  ---------------

OS:DISTRIB_ID=Ubuntu
DISTRIB_RELEASE=14.04
DISTRIB_CODENAME=trusty
DISTRIB_DESCRIPTION="Ubuntu 14.04.5 LTS"

uname:Linux 4.4.0-66-generic #87~14.04.1-Ubuntu SMP Fri Mar 3 17:32:36 UTC 2017 x86_64
libc:glibc 2.19 NPTL 2.19 
rlimit: STACK 8192k, CORE 0k, NPROC 63822, NOFILE 4096, AS infinity
load average:0.35 0.35 0.45

/proc/meminfo:
MemTotal:       16390860 kB
MemFree:         2503492 kB
MemAvailable:   10817688 kB
Buffers:          447792 kB
Cached:          7663088 kB
SwapCached:            0 kB
Active:          9504452 kB
Inactive:        3597128 kB
Active(anon):    4991976 kB
Inactive(anon):    21676 kB
Active(file):    4512476 kB
Inactive(file):  3575452 kB
Unevictable:         432 kB
Mlocked:             432 kB
SwapTotal:             0 kB
SwapFree:              0 kB
Dirty:             40120 kB
Writeback:             0 kB
AnonPages:       4991328 kB
Mapped:           374356 kB
Shmem:             22952 kB
Slab:             610596 kB
SReclaimable:     563484 kB
SUnreclaim:        47112 kB
KernelStack:       10320 kB
PageTables:        42428 kB
NFS_Unstable:          0 kB
Bounce:                0 kB
WritebackTmp:          0 kB
CommitLimit:     8195428 kB
Committed_AS:    9278580 kB
VmallocTotal:   34359738367 kB
VmallocUsed:           0 kB
VmallocChunk:          0 kB
HardwareCorrupted:     0 kB
AnonHugePages:   3776512 kB
CmaTotal:              0 kB
CmaFree:               0 kB
HugePages_Total:       0
HugePages_Free:        0
HugePages_Rsvd:        0
HugePages_Surp:        0
Hugepagesize:       2048 kB
DirectMap4k:      269372 kB
DirectMap2M:    11223040 kB
DirectMap1G:     5242880 kB


CPU:total 4 (4 cores per cpu, 1 threads per core) family 6 model 158 stepping 9, cmov, cx8, fxsr, mmx, sse, sse2, sse3, ssse3, sse4.1, sse4.2, popcnt, avx, avx2, aes, clmul, erms, rtm, 3dnowpref, lzcnt, tsc, tscinvbit, bmi1, bmi2, adx

/proc/cpuinfo:
processor	: 0
vendor_id	: GenuineIntel
cpu family	: 6
model		: 158
model name	: Intel(R) Core(TM) i5-7500 CPU @ 3.40GHz
stepping	: 9
microcode	: 0x42
cpu MHz		: 3407.952
cache size	: 6144 KB
physical id	: 0
siblings	: 4
core id		: 0
cpu cores	: 4
apicid		: 0
initial apicid	: 0
fpu		: yes
fpu_exception	: yes
cpuid level	: 22
wp		: yes
flags		: fpu vme de pse tsc msr pae mce cx8 apic sep mtrr pge mca cmov pat pse36 clflush dts acpi mmx fxsr sse sse2 ss ht tm pbe syscall nx pdpe1gb rdtscp lm constant_tsc art arch_perfmon pebs bts rep_good nopl xtopology nonstop_tsc aperfmperf eagerfpu pni pclmulqdq dtes64 monitor ds_cpl vmx smx est tm2 ssse3 sdbg fma cx16 xtpr pdcm pcid sse4_1 sse4_2 x2apic movbe popcnt tsc_deadline_timer aes xsave avx f16c rdrand lahf_lm abm 3dnowprefetch intel_pt tpr_shadow vnmi flexpriority ept vpid fsgsbase tsc_adjust bmi1 hle avx2 smep bmi2 erms invpcid rtm mpx rdseed adx smap clflushopt xsaveopt xsavec xgetbv1 dtherm ida arat pln pts hwp hwp_notify hwp_act_window hwp_epp
bugs		:
bogomips	: 6815.90
clflush size	: 64
cache_alignment	: 64
address sizes	: 39 bits physical, 48 bits virtual
power management:

processor	: 1
vendor_id	: GenuineIntel
cpu family	: 6
model		: 158
model name	: Intel(R) Core(TM) i5-7500 CPU @ 3.40GHz
stepping	: 9
microcode	: 0x42
cpu MHz		: 3407.952
cache size	: 6144 KB
physical id	: 0
siblings	: 4
core id		: 1
cpu cores	: 4
apicid		: 2
initial apicid	: 2
fpu		: yes
fpu_exception	: yes
cpuid level	: 22
wp		: yes
flags		: fpu vme de pse tsc msr pae mce cx8 apic sep mtrr pge mca cmov pat pse36 clflush dts acpi mmx fxsr sse sse2 ss ht tm pbe syscall nx pdpe1gb rdtscp lm constant_tsc art arch_perfmon pebs bts rep_good nopl xtopology nonstop_tsc aperfmperf eagerfpu pni pclmulqdq dtes64 monitor ds_cpl vmx smx est tm2 ssse3 sdbg fma cx16 xtpr pdcm pcid sse4_1 sse4_2 x2apic movbe popcnt tsc_deadline_timer aes xsave avx f16c rdrand lahf_lm abm 3dnowprefetch intel_pt tpr_shadow vnmi flexpriority ept vpid fsgsbase tsc_adjust bmi1 hle avx2 smep bmi2 erms invpcid rtm mpx rdseed adx smap clflushopt xsaveopt xsavec xgetbv1 dtherm ida arat pln pts hwp hwp_notify hwp_act_window hwp_epp
bugs		:
bogomips	: 6815.90
clflush size	: 64
cache_alignment	: 64
address sizes	: 39 bits physical, 48 bits virtual
power management:

processor	: 2
vendor_id	: GenuineIntel
cpu family	: 6
model		: 158
model name	: Intel(R) Core(TM) i5-7500 CPU @ 3.40GHz
stepping	: 9
microcode	: 0x42
cpu MHz		: 3407.952
cache size	: 6144 KB
physical id	: 0
siblings	: 4
core id		: 2
cpu cores	: 4
apicid		: 4
initial apicid	: 4
fpu		: yes
fpu_exception	: yes
cpuid level	: 22
wp		: yes
flags		: fpu vme de pse tsc msr pae mce cx8 apic sep mtrr pge mca cmov pat pse36 clflush dts acpi mmx fxsr sse sse2 ss ht tm pbe syscall nx pdpe1gb rdtscp lm constant_tsc art arch_perfmon pebs bts rep_good nopl xtopology nonstop_tsc aperfmperf eagerfpu pni pclmulqdq dtes64 monitor ds_cpl vmx smx est tm2 ssse3 sdbg fma cx16 xtpr pdcm pcid sse4_1 sse4_2 x2apic movbe popcnt tsc_deadline_timer aes xsave avx f16c rdrand lahf_lm abm 3dnowprefetch intel_pt tpr_shadow vnmi flexpriority ept vpid fsgsbase tsc_adjust bmi1 hle avx2 smep bmi2 erms invpcid rtm mpx rdseed adx smap clflushopt xsaveopt xsavec xgetbv1 dtherm ida arat pln pts hwp hwp_notify hwp_act_window hwp_epp
bugs		:
bogomips	: 6815.90
clflush size	: 64
cache_alignment	: 64
address sizes	: 39 bits physical, 48 bits virtual
power management:

processor	: 3
vendor_id	: GenuineIntel
cpu family	: 6
model		: 158
model name	: Intel(R) Core(TM) i5-7500 CPU @ 3.40GHz
stepping	: 9
microcode	: 0x42
cpu MHz		: 3407.952
cache size	: 6144 KB
physical id	: 0
siblings	: 4
core id		: 3
cpu cores	: 4
apicid		: 6
initial apicid	: 6
fpu		: yes
fpu_exception	: yes
cpuid level	: 22
wp		: yes
flags		: fpu vme de pse tsc msr pae mce cx8 apic sep mtrr pge mca cmov pat pse36 clflush dts acpi mmx fxsr sse sse2 ss ht tm pbe syscall nx pdpe1gb rdtscp lm constant_tsc art arch_perfmon pebs bts rep_good nopl xtopology nonstop_tsc aperfmperf eagerfpu pni pclmulqdq dtes64 monitor ds_cpl vmx smx est tm2 ssse3 sdbg fma cx16 xtpr pdcm pcid sse4_1 sse4_2 x2apic movbe popcnt tsc_deadline_timer aes xsave avx f16c rdrand lahf_lm abm 3dnowprefetch intel_pt tpr_shadow vnmi flexpriority ept vpid fsgsbase tsc_adjust bmi1 hle avx2 smep bmi2 erms invpcid rtm mpx rdseed adx smap clflushopt xsaveopt xsavec xgetbv1 dtherm ida arat pln pts hwp hwp_notify hwp_act_window hwp_epp
bugs		:
bogomips	: 6815.90
clflush size	: 64
cache_alignment	: 64
address sizes	: 39 bits physical, 48 bits virtual
power management:



Memory: 4k page, physical 16390860k(2503492k free), swap 0k(0k free)

vm_info: Java HotSpot(TM) 64-Bit Server VM (25.121-b13) for linux-amd64 JRE (1.8.0_121-b13), built on Dec 12 2016 16:36:53 by "java_re" with gcc 4.3.0 20080428 (Red Hat 4.3.0-8)

time: Wed Mar 22 18:02:08 2017
elapsed time: 58 seconds (0d 0h 0m 58s)

