The target system is: Android - 19 - armv7-a
The host system is: Linux - 4.4.0-66-generic - x86_64
Determining if the CXX compiler works passed with the following output:
Change Dir: /home/bladestery/Sapphire/example_apps/AndroidStudioMinnie/sapphire/.externalNativeBuild/cmake/debug/armeabi-v7a/CMakeFiles/CMakeTmp

Run Build Command:"/home/bladestery/Android/Sdk/cmake/3.6.3155560/bin/ninja" "cmTC_8c632"
[1/2] Building CXX object CMakeFiles/cmTC_8c632.dir/testCXXCompiler.cxx.o
[2/2] Linking CXX executable cmTC_8c632


Detecting CXX compiler ABI info compiled with the following output:
Change Dir: /home/bladestery/Sapphire/example_apps/AndroidStudioMinnie/sapphire/.externalNativeBuild/cmake/debug/armeabi-v7a/CMakeFiles/CMakeTmp

Run Build Command:"/home/bladestery/Android/Sdk/cmake/3.6.3155560/bin/ninja" "cmTC_c7555"
[1/2] Building CXX object CMakeFiles/cmTC_c7555.dir/CMakeCXXCompilerABI.cpp.o
[2/2] Linking CXX executable cmTC_c7555
Android clang version 3.8.275480  (based on LLVM 3.8.275480)
Target: armv7-none-linux-android
Thread model: posix
InstalledDir: /home/bladestery/Android/Sdk/ndk-bundle/toolchains/llvm/prebuilt/linux-x86_64/bin
Found candidate GCC installation: /home/bladestery/Android/Sdk/ndk-bundle/toolchains/arm-linux-androideabi-4.9/prebuilt/linux-x86_64/lib/gcc/arm-linux-androideabi/4.9.x
Selected GCC installation: /home/bladestery/Android/Sdk/ndk-bundle/toolchains/arm-linux-androideabi-4.9/prebuilt/linux-x86_64/lib/gcc/arm-linux-androideabi/4.9.x
Candidate multilib: thumb;@thumb
Candidate multilib: armv7-a;@armv7
Candidate multilib: armv7-a/thumb;@armv7@thumb
Candidate multilib: .;
Selected multilib: armv7-a/thumb;@armv7@thumb
 "/home/bladestery/Android/Sdk/ndk-bundle/toolchains/arm-linux-androideabi-4.9/prebuilt/linux-x86_64/lib/gcc/arm-linux-androideabi/4.9.x/../../../../arm-linux-androideabi/bin/ld" --sysroot=/home/bladestery/Android/Sdk/ndk-bundle/platforms/android-19/arch-arm -pie -z relro -X --eh-frame-hdr -m armelf_linux_eabi -dynamic-linker /system/bin/linker -o cmTC_c7555 /home/bladestery/Android/Sdk/ndk-bundle/platforms/android-19/arch-arm/usr/lib/../lib/crtbegin_dynamic.o -L/home/bladestery/Android/Sdk/ndk-bundle/toolchains/arm-linux-androideabi-4.9/prebuilt/linux-x86_64/lib/gcc/arm-linux-androideabi/4.9.x/armv7-a/thumb -L/home/bladestery/Android/Sdk/ndk-bundle/toolchains/arm-linux-androideabi-4.9/prebuilt/linux-x86_64/lib/gcc/arm-linux-androideabi/4.9.x/../../../../arm-linux-androideabi/lib/../lib/armv7-a/thumb -L/home/bladestery/Android/Sdk/ndk-bundle/platforms/android-19/arch-arm/usr/lib/../lib -L/home/bladestery/Android/Sdk/ndk-bundle/toolchains/arm-linux-androideabi-4.9/prebuilt/linux-x86_64/lib/gcc/arm-linux-androideabi/4.9.x/../../../../arm-linux-androideabi/lib/armv7-a/thumb -L/home/bladestery/Android/Sdk/ndk-bundle/platforms/android-19/arch-arm/usr/lib --build-id --warn-shared-textrel --fatal-warnings --fix-cortex-a8 --no-undefined -z noexecstack -z relro -z now --gc-sections -z nocopyreloc CMakeFiles/cmTC_c7555.dir/CMakeCXXCompilerABI.cpp.o -lstdc++ -lm -lgcc -lgcc -ldl -lc -lgcc -lgcc -ldl /home/bladestery/Android/Sdk/ndk-bundle/platforms/android-19/arch-arm/usr/lib/../lib/crtend_android.o


Parsed CXX implicit link information from above output:
  link line regex: [^( *|.*[/\])(arm-linux-androideabi-ld|([^/\]+-)?ld|collect2)[^/\]*( |$)]
  ignore line: [Change Dir: /home/bladestery/Sapphire/example_apps/AndroidStudioMinnie/sapphire/.externalNativeBuild/cmake/debug/armeabi-v7a/CMakeFiles/CMakeTmp]
  ignore line: []
  ignore line: [Run Build Command:"/home/bladestery/Android/Sdk/cmake/3.6.3155560/bin/ninja" "cmTC_c7555"]
  ignore line: [[1/2] Building CXX object CMakeFiles/cmTC_c7555.dir/CMakeCXXCompilerABI.cpp.o]
  ignore line: [[2/2] Linking CXX executable cmTC_c7555]
  ignore line: [Android clang version 3.8.275480  (based on LLVM 3.8.275480)]
  ignore line: [Target: armv7-none-linux-android]
  ignore line: [Thread model: posix]
  ignore line: [InstalledDir: /home/bladestery/Android/Sdk/ndk-bundle/toolchains/llvm/prebuilt/linux-x86_64/bin]
  ignore line: [Found candidate GCC installation: /home/bladestery/Android/Sdk/ndk-bundle/toolchains/arm-linux-androideabi-4.9/prebuilt/linux-x86_64/lib/gcc/arm-linux-androideabi/4.9.x]
  ignore line: [Selected GCC installation: /home/bladestery/Android/Sdk/ndk-bundle/toolchains/arm-linux-androideabi-4.9/prebuilt/linux-x86_64/lib/gcc/arm-linux-androideabi/4.9.x]
  ignore line: [Candidate multilib: thumb]
  ignore line: [@thumb]
  ignore line: [Candidate multilib: armv7-a]
  ignore line: [@armv7]
  ignore line: [Candidate multilib: armv7-a/thumb]
  ignore line: [@armv7@thumb]
  ignore line: [Candidate multilib: .]
  ignore line: []
  ignore line: [Selected multilib: armv7-a/thumb]
  ignore line: [@armv7@thumb]
  link line: [ "/home/bladestery/Android/Sdk/ndk-bundle/toolchains/arm-linux-androideabi-4.9/prebuilt/linux-x86_64/lib/gcc/arm-linux-androideabi/4.9.x/../../../../arm-linux-androideabi/bin/ld" --sysroot=/home/bladestery/Android/Sdk/ndk-bundle/platforms/android-19/arch-arm -pie -z relro -X --eh-frame-hdr -m armelf_linux_eabi -dynamic-linker /system/bin/linker -o cmTC_c7555 /home/bladestery/Android/Sdk/ndk-bundle/platforms/android-19/arch-arm/usr/lib/../lib/crtbegin_dynamic.o -L/home/bladestery/Android/Sdk/ndk-bundle/toolchains/arm-linux-androideabi-4.9/prebuilt/linux-x86_64/lib/gcc/arm-linux-androideabi/4.9.x/armv7-a/thumb -L/home/bladestery/Android/Sdk/ndk-bundle/toolchains/arm-linux-androideabi-4.9/prebuilt/linux-x86_64/lib/gcc/arm-linux-androideabi/4.9.x/../../../../arm-linux-androideabi/lib/../lib/armv7-a/thumb -L/home/bladestery/Android/Sdk/ndk-bundle/platforms/android-19/arch-arm/usr/lib/../lib -L/home/bladestery/Android/Sdk/ndk-bundle/toolchains/arm-linux-androideabi-4.9/prebuilt/linux-x86_64/lib/gcc/arm-linux-androideabi/4.9.x/../../../../arm-linux-androideabi/lib/armv7-a/thumb -L/home/bladestery/Android/Sdk/ndk-bundle/platforms/android-19/arch-arm/usr/lib --build-id --warn-shared-textrel --fatal-warnings --fix-cortex-a8 --no-undefined -z noexecstack -z relro -z now --gc-sections -z nocopyreloc CMakeFiles/cmTC_c7555.dir/CMakeCXXCompilerABI.cpp.o -lstdc++ -lm -lgcc -lgcc -ldl -lc -lgcc -lgcc -ldl /home/bladestery/Android/Sdk/ndk-bundle/platforms/android-19/arch-arm/usr/lib/../lib/crtend_android.o]
    arg [/home/bladestery/Android/Sdk/ndk-bundle/toolchains/arm-linux-androideabi-4.9/prebuilt/linux-x86_64/lib/gcc/arm-linux-androideabi/4.9.x/../../../../arm-linux-androideabi/bin/ld] ==> ignore
    arg [--sysroot=/home/bladestery/Android/Sdk/ndk-bundle/platforms/android-19/arch-arm] ==> ignore
    arg [-pie] ==> ignore
    arg [-zrelro] ==> ignore
    arg [-X] ==> ignore
    arg [--eh-frame-hdr] ==> ignore
    arg [-m] ==> ignore
    arg [armelf_linux_eabi] ==> ignore
    arg [-dynamic-linker] ==> ignore
    arg [/system/bin/linker] ==> ignore
    arg [-o] ==> ignore
    arg [cmTC_c7555] ==> ignore
    arg [/home/bladestery/Android/Sdk/ndk-bundle/platforms/android-19/arch-arm/usr/lib/../lib/crtbegin_dynamic.o] ==> ignore
    arg [-L/home/bladestery/Android/Sdk/ndk-bundle/toolchains/arm-linux-androideabi-4.9/prebuilt/linux-x86_64/lib/gcc/arm-linux-androideabi/4.9.x/armv7-a/thumb] ==> dir [/home/bladestery/Android/Sdk/ndk-bundle/toolchains/arm-linux-androideabi-4.9/prebuilt/linux-x86_64/lib/gcc/arm-linux-androideabi/4.9.x/armv7-a/thumb]
    arg [-L/home/bladestery/Android/Sdk/ndk-bundle/toolchains/arm-linux-androideabi-4.9/prebuilt/linux-x86_64/lib/gcc/arm-linux-androideabi/4.9.x/../../../../arm-linux-androideabi/lib/../lib/armv7-a/thumb] ==> dir [/home/bladestery/Android/Sdk/ndk-bundle/toolchains/arm-linux-androideabi-4.9/prebuilt/linux-x86_64/lib/gcc/arm-linux-androideabi/4.9.x/../../../../arm-linux-androideabi/lib/../lib/armv7-a/thumb]
    arg [-L/home/bladestery/Android/Sdk/ndk-bundle/platforms/android-19/arch-arm/usr/lib/../lib] ==> dir [/home/bladestery/Android/Sdk/ndk-bundle/platforms/android-19/arch-arm/usr/lib/../lib]
    arg [-L/home/bladestery/Android/Sdk/ndk-bundle/toolchains/arm-linux-androideabi-4.9/prebuilt/linux-x86_64/lib/gcc/arm-linux-androideabi/4.9.x/../../../../arm-linux-androideabi/lib/armv7-a/thumb] ==> dir [/home/bladestery/Android/Sdk/ndk-bundle/toolchains/arm-linux-androideabi-4.9/prebuilt/linux-x86_64/lib/gcc/arm-linux-androideabi/4.9.x/../../../../arm-linux-androideabi/lib/armv7-a/thumb]
    arg [-L/home/bladestery/Android/Sdk/ndk-bundle/platforms/android-19/arch-arm/usr/lib] ==> dir [/home/bladestery/Android/Sdk/ndk-bundle/platforms/android-19/arch-arm/usr/lib]
    arg [--build-id] ==> ignore
    arg [--warn-shared-textrel] ==> ignore
    arg [--fatal-warnings] ==> ignore
    arg [--fix-cortex-a8] ==> ignore
    arg [--no-undefined] ==> ignore
    arg [-znoexecstack] ==> ignore
    arg [-zrelro] ==> ignore
    arg [-znow] ==> ignore
    arg [--gc-sections] ==> ignore
    arg [-znocopyreloc] ==> ignore
    arg [CMakeFiles/cmTC_c7555.dir/CMakeCXXCompilerABI.cpp.o] ==> ignore
    arg [-lstdc++] ==> lib [stdc++]
    arg [-lm] ==> lib [m]
    arg [-lgcc] ==> lib [gcc]
    arg [-lgcc] ==> lib [gcc]
    arg [-ldl] ==> lib [dl]
    arg [-lc] ==> lib [c]
    arg [-lgcc] ==> lib [gcc]
    arg [-lgcc] ==> lib [gcc]
    arg [-ldl] ==> lib [dl]
    arg [/home/bladestery/Android/Sdk/ndk-bundle/platforms/android-19/arch-arm/usr/lib/../lib/crtend_android.o] ==> ignore
  remove lib [gcc]
  remove lib [gcc]
  remove lib [gcc]
  remove lib [gcc]
  collapse library dir [/home/bladestery/Android/Sdk/ndk-bundle/toolchains/arm-linux-androideabi-4.9/prebuilt/linux-x86_64/lib/gcc/arm-linux-androideabi/4.9.x/armv7-a/thumb] ==> [/home/bladestery/Android/Sdk/ndk-bundle/toolchains/arm-linux-androideabi-4.9/prebuilt/linux-x86_64/lib/gcc/arm-linux-androideabi/4.9.x/armv7-a/thumb]
  collapse library dir [/home/bladestery/Android/Sdk/ndk-bundle/toolchains/arm-linux-androideabi-4.9/prebuilt/linux-x86_64/lib/gcc/arm-linux-androideabi/4.9.x/../../../../arm-linux-androideabi/lib/../lib/armv7-a/thumb] ==> [/home/bladestery/Android/Sdk/ndk-bundle/toolchains/arm-linux-androideabi-4.9/prebuilt/linux-x86_64/arm-linux-androideabi/lib/armv7-a/thumb]
  collapse library dir [/home/bladestery/Android/Sdk/ndk-bundle/platforms/android-19/arch-arm/usr/lib/../lib] ==> [/home/bladestery/Android/Sdk/ndk-bundle/platforms/android-19/arch-arm/usr/lib]
  collapse library dir [/home/bladestery/Android/Sdk/ndk-bundle/toolchains/arm-linux-androideabi-4.9/prebuilt/linux-x86_64/lib/gcc/arm-linux-androideabi/4.9.x/../../../../arm-linux-androideabi/lib/armv7-a/thumb] ==> [/home/bladestery/Android/Sdk/ndk-bundle/toolchains/arm-linux-androideabi-4.9/prebuilt/linux-x86_64/arm-linux-androideabi/lib/armv7-a/thumb]
  collapse library dir [/home/bladestery/Android/Sdk/ndk-bundle/platforms/android-19/arch-arm/usr/lib] ==> [/home/bladestery/Android/Sdk/ndk-bundle/platforms/android-19/arch-arm/usr/lib]
  implicit libs: [stdc++;m;dl;c;dl]
  implicit dirs: [/home/bladestery/Android/Sdk/ndk-bundle/toolchains/arm-linux-androideabi-4.9/prebuilt/linux-x86_64/lib/gcc/arm-linux-androideabi/4.9.x/armv7-a/thumb;/home/bladestery/Android/Sdk/ndk-bundle/toolchains/arm-linux-androideabi-4.9/prebuilt/linux-x86_64/arm-linux-androideabi/lib/armv7-a/thumb;/home/bladestery/Android/Sdk/ndk-bundle/platforms/android-19/arch-arm/usr/lib]
  implicit fwks: []




Detecting CXX [-std=c++14] compiler features compiled with the following output:
Change Dir: /home/bladestery/Sapphire/example_apps/AndroidStudioMinnie/sapphire/.externalNativeBuild/cmake/debug/armeabi-v7a/CMakeFiles/CMakeTmp

Run Build Command:"/home/bladestery/Android/Sdk/cmake/3.6.3155560/bin/ninja" "cmTC_259f7"
[1/2] Building CXX object CMakeFiles/cmTC_259f7.dir/feature_tests.cxx.o
[2/2] Linking CXX executable cmTC_259f7


    Feature record: CXX_FEATURE:1cxx_aggregate_default_initializers
    Feature record: CXX_FEATURE:1cxx_alias_templates
    Feature record: CXX_FEATURE:1cxx_alignas
    Feature record: CXX_FEATURE:1cxx_alignof
    Feature record: CXX_FEATURE:1cxx_attributes
    Feature record: CXX_FEATURE:1cxx_attribute_deprecated
    Feature record: CXX_FEATURE:1cxx_auto_type
    Feature record: CXX_FEATURE:1cxx_binary_literals
    Feature record: CXX_FEATURE:1cxx_constexpr
    Feature record: CXX_FEATURE:1cxx_contextual_conversions
    Feature record: CXX_FEATURE:1cxx_decltype
    Feature record: CXX_FEATURE:1cxx_decltype_auto
    Feature record: CXX_FEATURE:1cxx_decltype_incomplete_return_types
    Feature record: CXX_FEATURE:1cxx_default_function_template_args
    Feature record: CXX_FEATURE:1cxx_defaulted_functions
    Feature record: CXX_FEATURE:1cxx_defaulted_move_initializers
    Feature record: CXX_FEATURE:1cxx_delegating_constructors
    Feature record: CXX_FEATURE:1cxx_deleted_functions
    Feature record: CXX_FEATURE:1cxx_digit_separators
    Feature record: CXX_FEATURE:1cxx_enum_forward_declarations
    Feature record: CXX_FEATURE:1cxx_explicit_conversions
    Feature record: CXX_FEATURE:1cxx_extended_friend_declarations
    Feature record: CXX_FEATURE:1cxx_extern_templates
    Feature record: CXX_FEATURE:1cxx_final
    Feature record: CXX_FEATURE:1cxx_func_identifier
    Feature record: CXX_FEATURE:1cxx_generalized_initializers
    Feature record: CXX_FEATURE:1cxx_generic_lambdas
    Feature record: CXX_FEATURE:1cxx_inheriting_constructors
    Feature record: CXX_FEATURE:1cxx_inline_namespaces
    Feature record: CXX_FEATURE:1cxx_lambdas
    Feature record: CXX_FEATURE:1cxx_lambda_init_captures
    Feature record: CXX_FEATURE:1cxx_local_type_template_args
    Feature record: CXX_FEATURE:1cxx_long_long_type
    Feature record: CXX_FEATURE:1cxx_noexcept
    Feature record: CXX_FEATURE:1cxx_nonstatic_member_init
    Feature record: CXX_FEATURE:1cxx_nullptr
    Feature record: CXX_FEATURE:1cxx_override
    Feature record: CXX_FEATURE:1cxx_range_for
    Feature record: CXX_FEATURE:1cxx_raw_string_literals
    Feature record: CXX_FEATURE:1cxx_reference_qualified_functions
    Feature record: CXX_FEATURE:1cxx_relaxed_constexpr
    Feature record: CXX_FEATURE:1cxx_return_type_deduction
    Feature record: CXX_FEATURE:1cxx_right_angle_brackets
    Feature record: CXX_FEATURE:1cxx_rvalue_references
    Feature record: CXX_FEATURE:1cxx_sizeof_member
    Feature record: CXX_FEATURE:1cxx_static_assert
    Feature record: CXX_FEATURE:1cxx_strong_enums
    Feature record: CXX_FEATURE:1cxx_template_template_parameters
    Feature record: CXX_FEATURE:1cxx_thread_local
    Feature record: CXX_FEATURE:1cxx_trailing_return_types
    Feature record: CXX_FEATURE:1cxx_unicode_literals
    Feature record: CXX_FEATURE:1cxx_uniform_initialization
    Feature record: CXX_FEATURE:1cxx_unrestricted_unions
    Feature record: CXX_FEATURE:1cxx_user_literals
    Feature record: CXX_FEATURE:1cxx_variable_templates
    Feature record: CXX_FEATURE:1cxx_variadic_macros
    Feature record: CXX_FEATURE:1cxx_variadic_templates


Detecting CXX [-std=c++11] compiler features compiled with the following output:
Change Dir: /home/bladestery/Sapphire/example_apps/AndroidStudioMinnie/sapphire/.externalNativeBuild/cmake/debug/armeabi-v7a/CMakeFiles/CMakeTmp

Run Build Command:"/home/bladestery/Android/Sdk/cmake/3.6.3155560/bin/ninja" "cmTC_7de0c"
[1/2] Building CXX object CMakeFiles/cmTC_7de0c.dir/feature_tests.cxx.o
[2/2] Linking CXX executable cmTC_7de0c


    Feature record: CXX_FEATURE:0cxx_aggregate_default_initializers
    Feature record: CXX_FEATURE:1cxx_alias_templates
    Feature record: CXX_FEATURE:1cxx_alignas
    Feature record: CXX_FEATURE:1cxx_alignof
    Feature record: CXX_FEATURE:1cxx_attributes
    Feature record: CXX_FEATURE:0cxx_attribute_deprecated
    Feature record: CXX_FEATURE:1cxx_auto_type
    Feature record: CXX_FEATURE:0cxx_binary_literals
    Feature record: CXX_FEATURE:1cxx_constexpr
    Feature record: CXX_FEATURE:0cxx_contextual_conversions
    Feature record: CXX_FEATURE:1cxx_decltype
    Feature record: CXX_FEATURE:0cxx_decltype_auto
    Feature record: CXX_FEATURE:1cxx_decltype_incomplete_return_types
    Feature record: CXX_FEATURE:1cxx_default_function_template_args
    Feature record: CXX_FEATURE:1cxx_defaulted_functions
    Feature record: CXX_FEATURE:1cxx_defaulted_move_initializers
    Feature record: CXX_FEATURE:1cxx_delegating_constructors
    Feature record: CXX_FEATURE:1cxx_deleted_functions
    Feature record: CXX_FEATURE:0cxx_digit_separators
    Feature record: CXX_FEATURE:1cxx_enum_forward_declarations
    Feature record: CXX_FEATURE:1cxx_explicit_conversions
    Feature record: CXX_FEATURE:1cxx_extended_friend_declarations
    Feature record: CXX_FEATURE:1cxx_extern_templates
    Feature record: CXX_FEATURE:1cxx_final
    Feature record: CXX_FEATURE:1cxx_func_identifier
    Feature record: CXX_FEATURE:1cxx_generalized_initializers
    Feature record: CXX_FEATURE:0cxx_generic_lambdas
    Feature record: CXX_FEATURE:1cxx_inheriting_constructors
    Feature record: CXX_FEATURE:1cxx_inline_namespaces
    Feature record: CXX_FEATURE:1cxx_lambdas
    Feature record: CXX_FEATURE:0cxx_lambda_init_captures
    Feature record: CXX_FEATURE:1cxx_local_type_template_args
    Feature record: CXX_FEATURE:1cxx_long_long_type
    Feature record: CXX_FEATURE:1cxx_noexcept
    Feature record: CXX_FEATURE:1cxx_nonstatic_member_init
    Feature record: CXX_FEATURE:1cxx_nullptr
    Feature record: CXX_FEATURE:1cxx_override
    Feature record: CXX_FEATURE:1cxx_range_for
    Feature record: CXX_FEATURE:1cxx_raw_string_literals
    Feature record: CXX_FEATURE:1cxx_reference_qualified_functions
    Feature record: CXX_FEATURE:0cxx_relaxed_constexpr
    Feature record: CXX_FEATURE:0cxx_return_type_deduction
    Feature record: CXX_FEATURE:1cxx_right_angle_brackets
    Feature record: CXX_FEATURE:1cxx_rvalue_references
    Feature record: CXX_FEATURE:1cxx_sizeof_member
    Feature record: CXX_FEATURE:1cxx_static_assert
    Feature record: CXX_FEATURE:1cxx_strong_enums
    Feature record: CXX_FEATURE:1cxx_template_template_parameters
    Feature record: CXX_FEATURE:1cxx_thread_local
    Feature record: CXX_FEATURE:1cxx_trailing_return_types
    Feature record: CXX_FEATURE:1cxx_unicode_literals
    Feature record: CXX_FEATURE:1cxx_uniform_initialization
    Feature record: CXX_FEATURE:1cxx_unrestricted_unions
    Feature record: CXX_FEATURE:1cxx_user_literals
    Feature record: CXX_FEATURE:0cxx_variable_templates
    Feature record: CXX_FEATURE:1cxx_variadic_macros
    Feature record: CXX_FEATURE:1cxx_variadic_templates


Detecting CXX [-std=c++98] compiler features compiled with the following output:
Change Dir: /home/bladestery/Sapphire/example_apps/AndroidStudioMinnie/sapphire/.externalNativeBuild/cmake/debug/armeabi-v7a/CMakeFiles/CMakeTmp

Run Build Command:"/home/bladestery/Android/Sdk/cmake/3.6.3155560/bin/ninja" "cmTC_aa5e3"
[1/2] Building CXX object CMakeFiles/cmTC_aa5e3.dir/feature_tests.cxx.o
[2/2] Linking CXX executable cmTC_aa5e3


    Feature record: CXX_FEATURE:0cxx_aggregate_default_initializers
    Feature record: CXX_FEATURE:0cxx_alias_templates
    Feature record: CXX_FEATURE:0cxx_alignas
    Feature record: CXX_FEATURE:0cxx_alignof
    Feature record: CXX_FEATURE:0cxx_attributes
    Feature record: CXX_FEATURE:0cxx_attribute_deprecated
    Feature record: CXX_FEATURE:0cxx_auto_type
    Feature record: CXX_FEATURE:0cxx_binary_literals
    Feature record: CXX_FEATURE:0cxx_constexpr
    Feature record: CXX_FEATURE:0cxx_contextual_conversions
    Feature record: CXX_FEATURE:0cxx_decltype
    Feature record: CXX_FEATURE:0cxx_decltype_auto
    Feature record: CXX_FEATURE:0cxx_decltype_incomplete_return_types
    Feature record: CXX_FEATURE:0cxx_default_function_template_args
    Feature record: CXX_FEATURE:0cxx_defaulted_functions
    Feature record: CXX_FEATURE:0cxx_defaulted_move_initializers
    Feature record: CXX_FEATURE:0cxx_delegating_constructors
    Feature record: CXX_FEATURE:0cxx_deleted_functions
    Feature record: CXX_FEATURE:0cxx_digit_separators
    Feature record: CXX_FEATURE:0cxx_enum_forward_declarations
    Feature record: CXX_FEATURE:0cxx_explicit_conversions
    Feature record: CXX_FEATURE:0cxx_extended_friend_declarations
    Feature record: CXX_FEATURE:0cxx_extern_templates
    Feature record: CXX_FEATURE:0cxx_final
    Feature record: CXX_FEATURE:0cxx_func_identifier
    Feature record: CXX_FEATURE:0cxx_generalized_initializers
    Feature record: CXX_FEATURE:0cxx_generic_lambdas
    Feature record: CXX_FEATURE:0cxx_inheriting_constructors
    Feature record: CXX_FEATURE:0cxx_inline_namespaces
    Feature record: CXX_FEATURE:0cxx_lambdas
    Feature record: CXX_FEATURE:0cxx_lambda_init_captures
    Feature record: CXX_FEATURE:0cxx_local_type_template_args
    Feature record: CXX_FEATURE:0cxx_long_long_type
    Feature record: CXX_FEATURE:0cxx_noexcept
    Feature record: CXX_FEATURE:0cxx_nonstatic_member_init
    Feature record: CXX_FEATURE:0cxx_nullptr
    Feature record: CXX_FEATURE:0cxx_override
    Feature record: CXX_FEATURE:0cxx_range_for
    Feature record: CXX_FEATURE:0cxx_raw_string_literals
    Feature record: CXX_FEATURE:0cxx_reference_qualified_functions
    Feature record: CXX_FEATURE:0cxx_relaxed_constexpr
    Feature record: CXX_FEATURE:0cxx_return_type_deduction
    Feature record: CXX_FEATURE:0cxx_right_angle_brackets
    Feature record: CXX_FEATURE:0cxx_rvalue_references
    Feature record: CXX_FEATURE:0cxx_sizeof_member
    Feature record: CXX_FEATURE:0cxx_static_assert
    Feature record: CXX_FEATURE:0cxx_strong_enums
    Feature record: CXX_FEATURE:1cxx_template_template_parameters
    Feature record: CXX_FEATURE:0cxx_thread_local
    Feature record: CXX_FEATURE:0cxx_trailing_return_types
    Feature record: CXX_FEATURE:0cxx_unicode_literals
    Feature record: CXX_FEATURE:0cxx_uniform_initialization
    Feature record: CXX_FEATURE:0cxx_unrestricted_unions
    Feature record: CXX_FEATURE:0cxx_user_literals
    Feature record: CXX_FEATURE:0cxx_variable_templates
    Feature record: CXX_FEATURE:0cxx_variadic_macros
    Feature record: CXX_FEATURE:0cxx_variadic_templates
Determining if the C compiler works passed with the following output:
Change Dir: /home/bladestery/Sapphire/example_apps/AndroidStudioMinnie/sapphire/.externalNativeBuild/cmake/debug/armeabi-v7a/CMakeFiles/CMakeTmp

Run Build Command:"/home/bladestery/Android/Sdk/cmake/3.6.3155560/bin/ninja" "cmTC_b4ade"
[1/2] Building C object CMakeFiles/cmTC_b4ade.dir/testCCompiler.c.o
[2/2] Linking C executable cmTC_b4ade


Detecting C compiler ABI info compiled with the following output:
Change Dir: /home/bladestery/Sapphire/example_apps/AndroidStudioMinnie/sapphire/.externalNativeBuild/cmake/debug/armeabi-v7a/CMakeFiles/CMakeTmp

Run Build Command:"/home/bladestery/Android/Sdk/cmake/3.6.3155560/bin/ninja" "cmTC_cde13"
[1/2] Building C object CMakeFiles/cmTC_cde13.dir/CMakeCCompilerABI.c.o
[2/2] Linking C executable cmTC_cde13
Android clang version 3.8.275480  (based on LLVM 3.8.275480)
Target: armv7-none-linux-android
Thread model: posix
InstalledDir: /home/bladestery/Android/Sdk/ndk-bundle/toolchains/llvm/prebuilt/linux-x86_64/bin
Found candidate GCC installation: /home/bladestery/Android/Sdk/ndk-bundle/toolchains/arm-linux-androideabi-4.9/prebuilt/linux-x86_64/lib/gcc/arm-linux-androideabi/4.9.x
Selected GCC installation: /home/bladestery/Android/Sdk/ndk-bundle/toolchains/arm-linux-androideabi-4.9/prebuilt/linux-x86_64/lib/gcc/arm-linux-androideabi/4.9.x
Candidate multilib: thumb;@thumb
Candidate multilib: armv7-a;@armv7
Candidate multilib: armv7-a/thumb;@armv7@thumb
Candidate multilib: .;
Selected multilib: armv7-a/thumb;@armv7@thumb
 "/home/bladestery/Android/Sdk/ndk-bundle/toolchains/arm-linux-androideabi-4.9/prebuilt/linux-x86_64/lib/gcc/arm-linux-androideabi/4.9.x/../../../../arm-linux-androideabi/bin/ld" --sysroot=/home/bladestery/Android/Sdk/ndk-bundle/platforms/android-19/arch-arm -pie -z relro -X --eh-frame-hdr -m armelf_linux_eabi -dynamic-linker /system/bin/linker -o cmTC_cde13 /home/bladestery/Android/Sdk/ndk-bundle/platforms/android-19/arch-arm/usr/lib/../lib/crtbegin_dynamic.o -L/home/bladestery/Android/Sdk/ndk-bundle/toolchains/arm-linux-androideabi-4.9/prebuilt/linux-x86_64/lib/gcc/arm-linux-androideabi/4.9.x/armv7-a/thumb -L/home/bladestery/Android/Sdk/ndk-bundle/toolchains/arm-linux-androideabi-4.9/prebuilt/linux-x86_64/lib/gcc/arm-linux-androideabi/4.9.x/../../../../arm-linux-androideabi/lib/../lib/armv7-a/thumb -L/home/bladestery/Android/Sdk/ndk-bundle/platforms/android-19/arch-arm/usr/lib/../lib -L/home/bladestery/Android/Sdk/ndk-bundle/toolchains/arm-linux-androideabi-4.9/prebuilt/linux-x86_64/lib/gcc/arm-linux-androideabi/4.9.x/../../../../arm-linux-androideabi/lib/armv7-a/thumb -L/home/bladestery/Android/Sdk/ndk-bundle/platforms/android-19/arch-arm/usr/lib --build-id --warn-shared-textrel --fatal-warnings --fix-cortex-a8 --no-undefined -z noexecstack -z relro -z now --gc-sections -z nocopyreloc CMakeFiles/cmTC_cde13.dir/CMakeCCompilerABI.c.o -lgcc -ldl -lc -lgcc -ldl /home/bladestery/Android/Sdk/ndk-bundle/platforms/android-19/arch-arm/usr/lib/../lib/crtend_android.o


Parsed C implicit link information from above output:
  link line regex: [^( *|.*[/\])(arm-linux-androideabi-ld|([^/\]+-)?ld|collect2)[^/\]*( |$)]
  ignore line: [Change Dir: /home/bladestery/Sapphire/example_apps/AndroidStudioMinnie/sapphire/.externalNativeBuild/cmake/debug/armeabi-v7a/CMakeFiles/CMakeTmp]
  ignore line: []
  ignore line: [Run Build Command:"/home/bladestery/Android/Sdk/cmake/3.6.3155560/bin/ninja" "cmTC_cde13"]
  ignore line: [[1/2] Building C object CMakeFiles/cmTC_cde13.dir/CMakeCCompilerABI.c.o]
  ignore line: [[2/2] Linking C executable cmTC_cde13]
  ignore line: [Android clang version 3.8.275480  (based on LLVM 3.8.275480)]
  ignore line: [Target: armv7-none-linux-android]
  ignore line: [Thread model: posix]
  ignore line: [InstalledDir: /home/bladestery/Android/Sdk/ndk-bundle/toolchains/llvm/prebuilt/linux-x86_64/bin]
  ignore line: [Found candidate GCC installation: /home/bladestery/Android/Sdk/ndk-bundle/toolchains/arm-linux-androideabi-4.9/prebuilt/linux-x86_64/lib/gcc/arm-linux-androideabi/4.9.x]
  ignore line: [Selected GCC installation: /home/bladestery/Android/Sdk/ndk-bundle/toolchains/arm-linux-androideabi-4.9/prebuilt/linux-x86_64/lib/gcc/arm-linux-androideabi/4.9.x]
  ignore line: [Candidate multilib: thumb]
  ignore line: [@thumb]
  ignore line: [Candidate multilib: armv7-a]
  ignore line: [@armv7]
  ignore line: [Candidate multilib: armv7-a/thumb]
  ignore line: [@armv7@thumb]
  ignore line: [Candidate multilib: .]
  ignore line: []
  ignore line: [Selected multilib: armv7-a/thumb]
  ignore line: [@armv7@thumb]
  link line: [ "/home/bladestery/Android/Sdk/ndk-bundle/toolchains/arm-linux-androideabi-4.9/prebuilt/linux-x86_64/lib/gcc/arm-linux-androideabi/4.9.x/../../../../arm-linux-androideabi/bin/ld" --sysroot=/home/bladestery/Android/Sdk/ndk-bundle/platforms/android-19/arch-arm -pie -z relro -X --eh-frame-hdr -m armelf_linux_eabi -dynamic-linker /system/bin/linker -o cmTC_cde13 /home/bladestery/Android/Sdk/ndk-bundle/platforms/android-19/arch-arm/usr/lib/../lib/crtbegin_dynamic.o -L/home/bladestery/Android/Sdk/ndk-bundle/toolchains/arm-linux-androideabi-4.9/prebuilt/linux-x86_64/lib/gcc/arm-linux-androideabi/4.9.x/armv7-a/thumb -L/home/bladestery/Android/Sdk/ndk-bundle/toolchains/arm-linux-androideabi-4.9/prebuilt/linux-x86_64/lib/gcc/arm-linux-androideabi/4.9.x/../../../../arm-linux-androideabi/lib/../lib/armv7-a/thumb -L/home/bladestery/Android/Sdk/ndk-bundle/platforms/android-19/arch-arm/usr/lib/../lib -L/home/bladestery/Android/Sdk/ndk-bundle/toolchains/arm-linux-androideabi-4.9/prebuilt/linux-x86_64/lib/gcc/arm-linux-androideabi/4.9.x/../../../../arm-linux-androideabi/lib/armv7-a/thumb -L/home/bladestery/Android/Sdk/ndk-bundle/platforms/android-19/arch-arm/usr/lib --build-id --warn-shared-textrel --fatal-warnings --fix-cortex-a8 --no-undefined -z noexecstack -z relro -z now --gc-sections -z nocopyreloc CMakeFiles/cmTC_cde13.dir/CMakeCCompilerABI.c.o -lgcc -ldl -lc -lgcc -ldl /home/bladestery/Android/Sdk/ndk-bundle/platforms/android-19/arch-arm/usr/lib/../lib/crtend_android.o]
    arg [/home/bladestery/Android/Sdk/ndk-bundle/toolchains/arm-linux-androideabi-4.9/prebuilt/linux-x86_64/lib/gcc/arm-linux-androideabi/4.9.x/../../../../arm-linux-androideabi/bin/ld] ==> ignore
    arg [--sysroot=/home/bladestery/Android/Sdk/ndk-bundle/platforms/android-19/arch-arm] ==> ignore
    arg [-pie] ==> ignore
    arg [-zrelro] ==> ignore
    arg [-X] ==> ignore
    arg [--eh-frame-hdr] ==> ignore
    arg [-m] ==> ignore
    arg [armelf_linux_eabi] ==> ignore
    arg [-dynamic-linker] ==> ignore
    arg [/system/bin/linker] ==> ignore
    arg [-o] ==> ignore
    arg [cmTC_cde13] ==> ignore
    arg [/home/bladestery/Android/Sdk/ndk-bundle/platforms/android-19/arch-arm/usr/lib/../lib/crtbegin_dynamic.o] ==> ignore
    arg [-L/home/bladestery/Android/Sdk/ndk-bundle/toolchains/arm-linux-androideabi-4.9/prebuilt/linux-x86_64/lib/gcc/arm-linux-androideabi/4.9.x/armv7-a/thumb] ==> dir [/home/bladestery/Android/Sdk/ndk-bundle/toolchains/arm-linux-androideabi-4.9/prebuilt/linux-x86_64/lib/gcc/arm-linux-androideabi/4.9.x/armv7-a/thumb]
    arg [-L/home/bladestery/Android/Sdk/ndk-bundle/toolchains/arm-linux-androideabi-4.9/prebuilt/linux-x86_64/lib/gcc/arm-linux-androideabi/4.9.x/../../../../arm-linux-androideabi/lib/../lib/armv7-a/thumb] ==> dir [/home/bladestery/Android/Sdk/ndk-bundle/toolchains/arm-linux-androideabi-4.9/prebuilt/linux-x86_64/lib/gcc/arm-linux-androideabi/4.9.x/../../../../arm-linux-androideabi/lib/../lib/armv7-a/thumb]
    arg [-L/home/bladestery/Android/Sdk/ndk-bundle/platforms/android-19/arch-arm/usr/lib/../lib] ==> dir [/home/bladestery/Android/Sdk/ndk-bundle/platforms/android-19/arch-arm/usr/lib/../lib]
    arg [-L/home/bladestery/Android/Sdk/ndk-bundle/toolchains/arm-linux-androideabi-4.9/prebuilt/linux-x86_64/lib/gcc/arm-linux-androideabi/4.9.x/../../../../arm-linux-androideabi/lib/armv7-a/thumb] ==> dir [/home/bladestery/Android/Sdk/ndk-bundle/toolchains/arm-linux-androideabi-4.9/prebuilt/linux-x86_64/lib/gcc/arm-linux-androideabi/4.9.x/../../../../arm-linux-androideabi/lib/armv7-a/thumb]
    arg [-L/home/bladestery/Android/Sdk/ndk-bundle/platforms/android-19/arch-arm/usr/lib] ==> dir [/home/bladestery/Android/Sdk/ndk-bundle/platforms/android-19/arch-arm/usr/lib]
    arg [--build-id] ==> ignore
    arg [--warn-shared-textrel] ==> ignore
    arg [--fatal-warnings] ==> ignore
    arg [--fix-cortex-a8] ==> ignore
    arg [--no-undefined] ==> ignore
    arg [-znoexecstack] ==> ignore
    arg [-zrelro] ==> ignore
    arg [-znow] ==> ignore
    arg [--gc-sections] ==> ignore
    arg [-znocopyreloc] ==> ignore
    arg [CMakeFiles/cmTC_cde13.dir/CMakeCCompilerABI.c.o] ==> ignore
    arg [-lgcc] ==> lib [gcc]
    arg [-ldl] ==> lib [dl]
    arg [-lc] ==> lib [c]
    arg [-lgcc] ==> lib [gcc]
    arg [-ldl] ==> lib [dl]
    arg [/home/bladestery/Android/Sdk/ndk-bundle/platforms/android-19/arch-arm/usr/lib/../lib/crtend_android.o] ==> ignore
  remove lib [gcc]
  remove lib [gcc]
  collapse library dir [/home/bladestery/Android/Sdk/ndk-bundle/toolchains/arm-linux-androideabi-4.9/prebuilt/linux-x86_64/lib/gcc/arm-linux-androideabi/4.9.x/armv7-a/thumb] ==> [/home/bladestery/Android/Sdk/ndk-bundle/toolchains/arm-linux-androideabi-4.9/prebuilt/linux-x86_64/lib/gcc/arm-linux-androideabi/4.9.x/armv7-a/thumb]
  collapse library dir [/home/bladestery/Android/Sdk/ndk-bundle/toolchains/arm-linux-androideabi-4.9/prebuilt/linux-x86_64/lib/gcc/arm-linux-androideabi/4.9.x/../../../../arm-linux-androideabi/lib/../lib/armv7-a/thumb] ==> [/home/bladestery/Android/Sdk/ndk-bundle/toolchains/arm-linux-androideabi-4.9/prebuilt/linux-x86_64/arm-linux-androideabi/lib/armv7-a/thumb]
  collapse library dir [/home/bladestery/Android/Sdk/ndk-bundle/platforms/android-19/arch-arm/usr/lib/../lib] ==> [/home/bladestery/Android/Sdk/ndk-bundle/platforms/android-19/arch-arm/usr/lib]
  collapse library dir [/home/bladestery/Android/Sdk/ndk-bundle/toolchains/arm-linux-androideabi-4.9/prebuilt/linux-x86_64/lib/gcc/arm-linux-androideabi/4.9.x/../../../../arm-linux-androideabi/lib/armv7-a/thumb] ==> [/home/bladestery/Android/Sdk/ndk-bundle/toolchains/arm-linux-androideabi-4.9/prebuilt/linux-x86_64/arm-linux-androideabi/lib/armv7-a/thumb]
  collapse library dir [/home/bladestery/Android/Sdk/ndk-bundle/platforms/android-19/arch-arm/usr/lib] ==> [/home/bladestery/Android/Sdk/ndk-bundle/platforms/android-19/arch-arm/usr/lib]
  implicit libs: [dl;c;dl]
  implicit dirs: [/home/bladestery/Android/Sdk/ndk-bundle/toolchains/arm-linux-androideabi-4.9/prebuilt/linux-x86_64/lib/gcc/arm-linux-androideabi/4.9.x/armv7-a/thumb;/home/bladestery/Android/Sdk/ndk-bundle/toolchains/arm-linux-androideabi-4.9/prebuilt/linux-x86_64/arm-linux-androideabi/lib/armv7-a/thumb;/home/bladestery/Android/Sdk/ndk-bundle/platforms/android-19/arch-arm/usr/lib]
  implicit fwks: []




Detecting C [-std=c11] compiler features compiled with the following output:
Change Dir: /home/bladestery/Sapphire/example_apps/AndroidStudioMinnie/sapphire/.externalNativeBuild/cmake/debug/armeabi-v7a/CMakeFiles/CMakeTmp

Run Build Command:"/home/bladestery/Android/Sdk/cmake/3.6.3155560/bin/ninja" "cmTC_f9451"
[1/2] Building C object CMakeFiles/cmTC_f9451.dir/feature_tests.c.o
[2/2] Linking C executable cmTC_f9451


    Feature record: C_FEATURE:1c_function_prototypes
    Feature record: C_FEATURE:1c_restrict
    Feature record: C_FEATURE:1c_static_assert
    Feature record: C_FEATURE:1c_variadic_macros


Detecting C [-std=c99] compiler features compiled with the following output:
Change Dir: /home/bladestery/Sapphire/example_apps/AndroidStudioMinnie/sapphire/.externalNativeBuild/cmake/debug/armeabi-v7a/CMakeFiles/CMakeTmp

Run Build Command:"/home/bladestery/Android/Sdk/cmake/3.6.3155560/bin/ninja" "cmTC_dfe52"
[1/2] Building C object CMakeFiles/cmTC_dfe52.dir/feature_tests.c.o
[2/2] Linking C executable cmTC_dfe52


    Feature record: C_FEATURE:1c_function_prototypes
    Feature record: C_FEATURE:1c_restrict
    Feature record: C_FEATURE:0c_static_assert
    Feature record: C_FEATURE:1c_variadic_macros


Detecting C [-std=c90] compiler features compiled with the following output:
Change Dir: /home/bladestery/Sapphire/example_apps/AndroidStudioMinnie/sapphire/.externalNativeBuild/cmake/debug/armeabi-v7a/CMakeFiles/CMakeTmp

Run Build Command:"/home/bladestery/Android/Sdk/cmake/3.6.3155560/bin/ninja" "cmTC_3addb"
[1/2] Building C object CMakeFiles/cmTC_3addb.dir/feature_tests.c.o
[2/2] Linking C executable cmTC_3addb


    Feature record: C_FEATURE:1c_function_prototypes
    Feature record: C_FEATURE:0c_restrict
    Feature record: C_FEATURE:0c_static_assert
    Feature record: C_FEATURE:0c_variadic_macros
Determining if the include file pthread.h exists passed with the following output:
Change Dir: /home/bladestery/Sapphire/example_apps/AndroidStudioMinnie/sapphire/.externalNativeBuild/cmake/debug/armeabi-v7a/CMakeFiles/CMakeTmp

Run Build Command:"/home/bladestery/Android/Sdk/cmake/3.6.3155560/bin/ninja" "cmTC_ff589"
[1/2] Building C object CMakeFiles/cmTC_ff589.dir/CheckIncludeFile.c.o
[2/2] Linking C executable cmTC_ff589


Determining if the include file sys/types.h exists passed with the following output:
Change Dir: /home/bladestery/Sapphire/example_apps/AndroidStudioMinnie/sapphire/.externalNativeBuild/cmake/debug/armeabi-v7a/CMakeFiles/CMakeTmp

Run Build Command:"/home/bladestery/Android/Sdk/cmake/3.6.3155560/bin/ninja" "cmTC_d7869"
[1/2] Building C object CMakeFiles/cmTC_d7869.dir/CheckIncludeFile.c.o
[2/2] Linking C executable cmTC_d7869


Determining if the include file stdint.h exists passed with the following output:
Change Dir: /home/bladestery/Sapphire/example_apps/AndroidStudioMinnie/sapphire/.externalNativeBuild/cmake/debug/armeabi-v7a/CMakeFiles/CMakeTmp

Run Build Command:"/home/bladestery/Android/Sdk/cmake/3.6.3155560/bin/ninja" "cmTC_a3af0"
[1/2] Building C object CMakeFiles/cmTC_a3af0.dir/CheckIncludeFile.c.o
[2/2] Linking C executable cmTC_a3af0


Determining if the include file stddef.h exists passed with the following output:
Change Dir: /home/bladestery/Sapphire/example_apps/AndroidStudioMinnie/sapphire/.externalNativeBuild/cmake/debug/armeabi-v7a/CMakeFiles/CMakeTmp

Run Build Command:"/home/bladestery/Android/Sdk/cmake/3.6.3155560/bin/ninja" "cmTC_918e1"
[1/2] Building C object CMakeFiles/cmTC_918e1.dir/CheckIncludeFile.c.o
[2/2] Linking C executable cmTC_918e1


Determining size of unsigned short passed with the following output:
Change Dir: /home/bladestery/Sapphire/example_apps/AndroidStudioMinnie/sapphire/.externalNativeBuild/cmake/debug/armeabi-v7a/CMakeFiles/CMakeTmp

Run Build Command:"/home/bladestery/Android/Sdk/cmake/3.6.3155560/bin/ninja" "cmTC_464fe"
[1/2] Building C object CMakeFiles/cmTC_464fe.dir/CMAKE_SIZEOF_UNSIGNED_SHORT.c.o
[2/2] Linking C executable cmTC_464fe


Determining if the system is big endian passed with the following output:
Change Dir: /home/bladestery/Sapphire/example_apps/AndroidStudioMinnie/sapphire/.externalNativeBuild/cmake/debug/armeabi-v7a/CMakeFiles/CMakeTmp

Run Build Command:"/home/bladestery/Android/Sdk/cmake/3.6.3155560/bin/ninja" "cmTC_4199e"
[1/2] Building C object CMakeFiles/cmTC_4199e.dir/TestEndianess.c.o
[2/2] Linking C executable cmTC_4199e

TestEndianess.c:
/* A 16 bit integer is required. */
typedef unsigned short cmakeint16;

/* On a little endian machine, these 16bit ints will give "THIS IS LITTLE ENDIAN."
   On a big endian machine the characters will be exchanged pairwise. */
const cmakeint16 info_little[] =  {0x4854, 0x5349, 0x4920, 0x2053, 0x494c, 0x5454, 0x454c, 0x4520, 0x444e, 0x4149, 0x2e4e, 0x0000};

/* on a big endian machine, these 16bit ints will give "THIS IS BIG ENDIAN."
   On a little endian machine the characters will be exchanged pairwise. */
const cmakeint16 info_big[] =     {0x5448, 0x4953, 0x2049, 0x5320, 0x4249, 0x4720, 0x454e, 0x4449, 0x414e, 0x2e2e, 0x0000};

#ifdef __CLASSIC_C__
int main(argc, argv) int argc; char *argv[];
#else
int main(int argc, char *argv[])
#endif
{
  int require = 0;
  require += info_little[argc];
  require += info_big[argc];
  (void)argv;
  return require;
}


Determining if the include file assert.h exists passed with the following output:
Change Dir: /home/bladestery/Sapphire/example_apps/AndroidStudioMinnie/sapphire/.externalNativeBuild/cmake/debug/armeabi-v7a/CMakeFiles/CMakeTmp

Run Build Command:"/home/bladestery/Android/Sdk/cmake/3.6.3155560/bin/ninja" "cmTC_69c05"
[1/2] Building C object CMakeFiles/cmTC_69c05.dir/CheckIncludeFile.c.o
[2/2] Linking C executable cmTC_69c05


Determining if the include file fcntl.h exists passed with the following output:
Change Dir: /home/bladestery/Sapphire/example_apps/AndroidStudioMinnie/sapphire/.externalNativeBuild/cmake/debug/armeabi-v7a/CMakeFiles/CMakeTmp

Run Build Command:"/home/bladestery/Android/Sdk/cmake/3.6.3155560/bin/ninja" "cmTC_64fb8"
[1/2] Building C object CMakeFiles/cmTC_64fb8.dir/CheckIncludeFile.c.o
[2/2] Linking C executable cmTC_64fb8


Determining if the function mmap exists passed with the following output:
Change Dir: /home/bladestery/Sapphire/example_apps/AndroidStudioMinnie/sapphire/.externalNativeBuild/cmake/debug/armeabi-v7a/CMakeFiles/CMakeTmp

Run Build Command:"/home/bladestery/Android/Sdk/cmake/3.6.3155560/bin/ninja" "cmTC_4eadf"
[1/2] Building C object CMakeFiles/cmTC_4eadf.dir/CheckFunctionExists.c.o
[2/2] Linking C executable cmTC_4eadf


Determining if the include file string.h exists passed with the following output:
Change Dir: /home/bladestery/Sapphire/example_apps/AndroidStudioMinnie/sapphire/.externalNativeBuild/cmake/debug/armeabi-v7a/CMakeFiles/CMakeTmp

Run Build Command:"/home/bladestery/Android/Sdk/cmake/3.6.3155560/bin/ninja" "cmTC_27538"
[1/2] Building C object CMakeFiles/cmTC_27538.dir/CheckIncludeFile.c.o
[2/2] Linking C executable cmTC_27538


Determining if the include file unistd.h exists passed with the following output:
Change Dir: /home/bladestery/Sapphire/example_apps/AndroidStudioMinnie/sapphire/.externalNativeBuild/cmake/debug/armeabi-v7a/CMakeFiles/CMakeTmp

Run Build Command:"/home/bladestery/Android/Sdk/cmake/3.6.3155560/bin/ninja" "cmTC_505b9"
[1/2] Building C object CMakeFiles/cmTC_505b9.dir/CheckIncludeFile.c.o
[2/2] Linking C executable cmTC_505b9


Determining if the include file semaphore.h exists passed with the following output:
Change Dir: /home/bladestery/Sapphire/example_apps/AndroidStudioMinnie/sapphire/.externalNativeBuild/cmake/debug/armeabi-v7a/CMakeFiles/CMakeTmp

Run Build Command:"/home/bladestery/Android/Sdk/cmake/3.6.3155560/bin/ninja" "cmTC_5e336"
[1/2] Building C object CMakeFiles/cmTC_5e336.dir/CheckIncludeFile.c.o
[2/2] Linking C executable cmTC_5e336


Performing C++ SOURCE FILE Test CXX_HAS_MFPU_NEON succeeded with the following output:
Change Dir: /home/bladestery/Sapphire/example_apps/AndroidStudioMinnie/sapphire/.externalNativeBuild/cmake/debug/armeabi-v7a/CMakeFiles/CMakeTmp

Run Build Command:"/home/bladestery/Android/Sdk/cmake/3.6.3155560/bin/ninja" "cmTC_0d09e"
[1/2] Building CXX object CMakeFiles/cmTC_0d09e.dir/src.cxx.o
[2/2] Linking CXX executable cmTC_0d09e

Source file was:
int main() { return 0; }
Performing C SOURCE FILE Test C_HAS_MFPU_NEON succeeded with the following output:
Change Dir: /home/bladestery/Sapphire/example_apps/AndroidStudioMinnie/sapphire/.externalNativeBuild/cmake/debug/armeabi-v7a/CMakeFiles/CMakeTmp

Run Build Command:"/home/bladestery/Android/Sdk/cmake/3.6.3155560/bin/ninja" "cmTC_0f0e4"
[1/2] Building C object CMakeFiles/cmTC_0f0e4.dir/src.c.o
[2/2] Linking C executable cmTC_0f0e4

Source file was:
int main(void) { return 0; }
