Determining if the include file io.h exists failed with the following output:
Change Dir: /home/bladestery/Sapphire/example_apps/AndroidStudioMinnie/sapphire/.externalNativeBuild/cmake/debug/mips64/CMakeFiles/CMakeTmp

Run Build Command:"/home/bladestery/Android/Sdk/cmake/3.6.3155560/bin/ninja" "cmTC_7dcd2"
[1/2] Building C object CMakeFiles/cmTC_7dcd2.dir/CheckIncludeFile.c.o
FAILED: /home/bladestery/Android/Sdk/ndk-bundle/toolchains/llvm/prebuilt/linux-x86_64/bin/clang  --target=mips64el-none-linux-android --gcc-toolchain=/home/bladestery/Android/Sdk/ndk-bundle/toolchains/mips64el-linux-android-4.9/prebuilt/linux-x86_64 --sysroot=/home/bladestery/Android/Sdk/ndk-bundle/platforms/android-21/arch-mips64   -g -DANDROID -ffunction-sections -funwind-tables -fstack-protector-strong -no-canonical-prefixes -Wa,--noexecstack -Wformat -Werror=format-security -g -DANDROID -ffunction-sections -funwind-tables -fstack-protector-strong -no-canonical-prefixes -Wa,--noexecstack -Wformat -Werror=format-security    -fsigned-char -W -Wall -Werror=return-type -Werror=non-virtual-dtor -Werror=address -Werror=sequence-point -Wformat -Werror=format-security -Wmissing-declarations -Wmissing-prototypes -Wstrict-prototypes -Wundef -Winit-self -Wpointer-arith -Wshadow -Wsign-promo -Wno-narrowing -Wno-delete-non-virtual-dtor -Wno-unnamed-type-template-args -Wno-comment -fdiagnostics-show-option -Qunused-arguments -fomit-frame-pointer -fvisibility=hidden -fvisibility-inlines-hidden  -O0 -fno-limit-debug-info -O0 -fno-limit-debug-info   -O0 -DDEBUG -D_DEBUG -fPIE -o CMakeFiles/cmTC_7dcd2.dir/CheckIncludeFile.c.o   -c /home/bladestery/Sapphire/example_apps/AndroidStudioMinnie/sapphire/.externalNativeBuild/cmake/debug/mips64/CMakeFiles/CMakeTmp/CheckIncludeFile.c
/home/bladestery/Sapphire/example_apps/AndroidStudioMinnie/sapphire/.externalNativeBuild/cmake/debug/mips64/CMakeFiles/CMakeTmp/CheckIncludeFile.c:1:10: fatal error: 'io.h' file not found
#include <io.h>
         ^
1 error generated.
ninja: build stopped: subcommand failed.


Determining if the function jbg_newlen exists failed with the following output:
Change Dir: /home/bladestery/Sapphire/example_apps/AndroidStudioMinnie/sapphire/.externalNativeBuild/cmake/debug/mips64/CMakeFiles/CMakeTmp

Run Build Command:"/home/bladestery/Android/Sdk/cmake/3.6.3155560/bin/ninja" "cmTC_04138"
[1/2] Building C object CMakeFiles/cmTC_04138.dir/CheckFunctionExists.c.o
[2/2] Linking C executable cmTC_04138
FAILED: : && /home/bladestery/Android/Sdk/ndk-bundle/toolchains/llvm/prebuilt/linux-x86_64/bin/clang  --target=mips64el-none-linux-android --gcc-toolchain=/home/bladestery/Android/Sdk/ndk-bundle/toolchains/mips64el-linux-android-4.9/prebuilt/linux-x86_64 --sysroot=/home/bladestery/Android/Sdk/ndk-bundle/platforms/android-21/arch-mips64 -g -DANDROID -ffunction-sections -funwind-tables -fstack-protector-strong -no-canonical-prefixes -Wa,--noexecstack -Wformat -Werror=format-security -g -DANDROID -ffunction-sections -funwind-tables -fstack-protector-strong -no-canonical-prefixes -Wa,--noexecstack -Wformat -Werror=format-security    -fsigned-char -W -Wall -Werror=return-type -Werror=non-virtual-dtor -Werror=address -Werror=sequence-point -Wformat -Werror=format-security -Wmissing-declarations -Wmissing-prototypes -Wstrict-prototypes -Wundef -Winit-self -Wpointer-arith -Wshadow -Wsign-promo -Wno-narrowing -Wno-delete-non-virtual-dtor -Wno-unnamed-type-template-args -Wno-comment -fdiagnostics-show-option -Qunused-arguments -fomit-frame-pointer -fvisibility=hidden -fvisibility-inlines-hidden -DCHECK_FUNCTION_EXISTS=jbg_newlen -O0 -fno-limit-debug-info -O0 -fno-limit-debug-info   -O0 -DDEBUG -D_DEBUG  -Wl,--build-id -Wl,--warn-shared-textrel -Wl,--fatal-warnings -Wl,--no-undefined -Wl,-z,noexecstack -Qunused-arguments -Wl,-z,relro -Wl,-z,now -Wl,--gc-sections -Wl,-z,nocopyreloc -pie -fPIE CMakeFiles/cmTC_04138.dir/CheckFunctionExists.c.o  -o cmTC_04138  -lm && :
CMakeFiles/cmTC_04138.dir/CheckFunctionExists.c.o: In function `main':
/home/bladestery/Android/Sdk/cmake/3.6.3155560/share/cmake-3.6/Modules/CheckFunctionExists.c:17: undefined reference to `jbg_newlen'
clang: error: linker command failed with exit code 1 (use -v to see invocation)
ninja: build stopped: subcommand failed.


Build output check failed:
    Regex: 'unknown .*option'
    Output line: 'warning: unknown warning option '-Wno-unused-but-set-variable', did you mean '-Wno-unused-const-variable'? [-Wunknown-warning-option]'
Compilation failed:
    source file: '/home/bladestery/Sapphire/example_apps/AndroidStudioMinnie/sapphire/.externalNativeBuild/cmake/debug/mips64/CMakeFiles/CMakeTmp/src.c'
    check option: ' -Wno-unused-but-set-variable'
===== BUILD LOG =====
Change Dir: /home/bladestery/Sapphire/example_apps/AndroidStudioMinnie/sapphire/.externalNativeBuild/cmake/debug/mips64/CMakeFiles/CMakeTmp

Run Build Command:"/home/bladestery/Android/Sdk/cmake/3.6.3155560/bin/ninja" "cmTC_d37fb"
[1/2] Building C object CMakeFiles/cmTC_d37fb.dir/src.c.o
warning: unknown warning option '-Wno-unused-but-set-variable'; did you mean '-Wno-unused-const-variable'? [-Wunknown-warning-option]
/home/bladestery/Sapphire/example_apps/AndroidStudioMinnie/sapphire/.externalNativeBuild/cmake/debug/mips64/CMakeFiles/CMakeTmp/src.c:1:8: warning: unknown pragma ignored [-Wunknown-pragmas]
#pragma
       ^
2 warnings generated.
[2/2] Linking C executable cmTC_d37fb

===== END =====

Build output check failed:
    Regex: 'unknown .*option'
    Output line: 'warning: unknown warning option '-Wno-maybe-uninitialized', did you mean '-Wno-uninitialized'? [-Wunknown-warning-option]'
Compilation failed:
    source file: '/home/bladestery/Sapphire/example_apps/AndroidStudioMinnie/sapphire/.externalNativeBuild/cmake/debug/mips64/CMakeFiles/CMakeTmp/src.c'
    check option: ' -Wno-maybe-uninitialized'
===== BUILD LOG =====
Change Dir: /home/bladestery/Sapphire/example_apps/AndroidStudioMinnie/sapphire/.externalNativeBuild/cmake/debug/mips64/CMakeFiles/CMakeTmp

Run Build Command:"/home/bladestery/Android/Sdk/cmake/3.6.3155560/bin/ninja" "cmTC_5f314"
[1/2] Building C object CMakeFiles/cmTC_5f314.dir/src.c.o
warning: unknown warning option '-Wno-maybe-uninitialized'; did you mean '-Wno-uninitialized'? [-Wunknown-warning-option]
/home/bladestery/Sapphire/example_apps/AndroidStudioMinnie/sapphire/.externalNativeBuild/cmake/debug/mips64/CMakeFiles/CMakeTmp/src.c:1:8: warning: unknown pragma ignored [-Wunknown-pragmas]
#pragma
       ^
2 warnings generated.
[2/2] Linking C executable cmTC_5f314

===== END =====

Build output check failed:
    Regex: 'unknown .*option'
    Output line: 'warning: unknown warning option '-Wno-misleading-indentation', did you mean '-Wno-missing-declarations'? [-Wunknown-warning-option]'
Compilation failed:
    source file: '/home/bladestery/Sapphire/example_apps/AndroidStudioMinnie/sapphire/.externalNativeBuild/cmake/debug/mips64/CMakeFiles/CMakeTmp/src.c'
    check option: ' -Wno-misleading-indentation'
===== BUILD LOG =====
Change Dir: /home/bladestery/Sapphire/example_apps/AndroidStudioMinnie/sapphire/.externalNativeBuild/cmake/debug/mips64/CMakeFiles/CMakeTmp

Run Build Command:"/home/bladestery/Android/Sdk/cmake/3.6.3155560/bin/ninja" "cmTC_9b804"
[1/2] Building C object CMakeFiles/cmTC_9b804.dir/src.c.o
warning: unknown warning option '-Wno-misleading-indentation'; did you mean '-Wno-missing-declarations'? [-Wunknown-warning-option]
/home/bladestery/Sapphire/example_apps/AndroidStudioMinnie/sapphire/.externalNativeBuild/cmake/debug/mips64/CMakeFiles/CMakeTmp/src.c:1:8: warning: unknown pragma ignored [-Wunknown-pragmas]
#pragma
       ^
2 warnings generated.
[2/2] Linking C executable cmTC_9b804

===== END =====

Build output check failed:
    Regex: 'unknown .*option'
    Output line: 'warning: unknown warning option '-Wno-unused-but-set-parameter', did you mean '-Wno-unused-parameter'? [-Wunknown-warning-option]'
Compilation failed:
    source file: '/home/bladestery/Sapphire/example_apps/AndroidStudioMinnie/sapphire/.externalNativeBuild/cmake/debug/mips64/CMakeFiles/CMakeTmp/src.c'
    check option: ' -Wno-unused-but-set-parameter'
===== BUILD LOG =====
Change Dir: /home/bladestery/Sapphire/example_apps/AndroidStudioMinnie/sapphire/.externalNativeBuild/cmake/debug/mips64/CMakeFiles/CMakeTmp

Run Build Command:"/home/bladestery/Android/Sdk/cmake/3.6.3155560/bin/ninja" "cmTC_e6dea"
[1/2] Building C object CMakeFiles/cmTC_e6dea.dir/src.c.o
warning: unknown warning option '-Wno-unused-but-set-parameter'; did you mean '-Wno-unused-parameter'? [-Wunknown-warning-option]
/home/bladestery/Sapphire/example_apps/AndroidStudioMinnie/sapphire/.externalNativeBuild/cmake/debug/mips64/CMakeFiles/CMakeTmp/src.c:1:8: warning: unknown pragma ignored [-Wunknown-pragmas]
#pragma
       ^
2 warnings generated.
[2/2] Linking C executable cmTC_e6dea

===== END =====

Build output check failed:
    Regex: 'unknown .*option'
    Output line: 'warning: unknown warning option '-Wno-misleading-indentation', did you mean '-Wno-missing-declarations'? [-Wunknown-warning-option]'
Compilation failed:
    source file: '/home/bladestery/Sapphire/example_apps/AndroidStudioMinnie/sapphire/.externalNativeBuild/cmake/debug/mips64/CMakeFiles/CMakeTmp/src.cxx'
    check option: ' -Wno-misleading-indentation'
===== BUILD LOG =====
Change Dir: /home/bladestery/Sapphire/example_apps/AndroidStudioMinnie/sapphire/.externalNativeBuild/cmake/debug/mips64/CMakeFiles/CMakeTmp

Run Build Command:"/home/bladestery/Android/Sdk/cmake/3.6.3155560/bin/ninja" "cmTC_3c4f6"
[1/2] Building CXX object CMakeFiles/cmTC_3c4f6.dir/src.cxx.o
warning: unknown warning option '-Wno-misleading-indentation'; did you mean '-Wno-missing-declarations'? [-Wunknown-warning-option]
/home/bladestery/Sapphire/example_apps/AndroidStudioMinnie/sapphire/.externalNativeBuild/cmake/debug/mips64/CMakeFiles/CMakeTmp/src.cxx:1:8: warning: unknown pragma ignored [-Wunknown-pragmas]
#pragma
       ^
2 warnings generated.
[2/2] Linking CXX executable cmTC_3c4f6

===== END =====

