The target system is: Android - 19 - mips
The host system is: Linux - 4.4.0-66-generic - x86_64
Determining if the CXX compiler works passed with the following output:
Change Dir: /home/bladestery/Sapphire/example_apps/AndroidStudioMinnie/sapphire/.externalNativeBuild/cmake/release/mips/CMakeFiles/CMakeTmp

Run Build Command:"/home/bladestery/Android/Sdk/cmake/3.6.3155560/bin/ninja" "cmTC_df22b"
[1/2] Building CXX object CMakeFiles/cmTC_df22b.dir/testCXXCompiler.cxx.o
[2/2] Linking CXX executable cmTC_df22b


Detecting CXX compiler ABI info compiled with the following output:
Change Dir: /home/bladestery/Sapphire/example_apps/AndroidStudioMinnie/sapphire/.externalNativeBuild/cmake/release/mips/CMakeFiles/CMakeTmp

Run Build Command:"/home/bladestery/Android/Sdk/cmake/3.6.3155560/bin/ninja" "cmTC_bca8c"
[1/2] Building CXX object CMakeFiles/cmTC_bca8c.dir/CMakeCXXCompilerABI.cpp.o
[2/2] Linking CXX executable cmTC_bca8c
Android clang version 3.8.275480  (based on LLVM 3.8.275480)
Target: mipsel-none-linux-android
Thread model: posix
InstalledDir: /home/bladestery/Android/Sdk/ndk-bundle/toolchains/llvm/prebuilt/linux-x86_64/bin
Found candidate GCC installation: /home/bladestery/Android/Sdk/ndk-bundle/toolchains/mips64el-linux-android-4.9/prebuilt/linux-x86_64/lib/gcc/mips64el-linux-android/4.9.x
Selected GCC installation: /home/bladestery/Android/Sdk/ndk-bundle/toolchains/mips64el-linux-android-4.9/prebuilt/linux-x86_64/lib/gcc/mips64el-linux-android/4.9.x
Candidate multilib: .;@march=mips64r6
Candidate multilib: 32/mips-r1;@march=mips32
Candidate multilib: 32/mips-r2;@march=mips32r2
Candidate multilib: 32/mips-r6;@march=mips32r6
Selected multilib: 32/mips-r1;@march=mips32
 "/home/bladestery/Android/Sdk/ndk-bundle/toolchains/mips64el-linux-android-4.9/prebuilt/linux-x86_64/lib/gcc/mips64el-linux-android/4.9.x/../../../../mips64el-linux-android/bin/ld" --sysroot=/home/bladestery/Android/Sdk/ndk-bundle/platforms/android-19/arch-mips -pie -z relro --sysroot=/home/bladestery/Android/Sdk/ndk-bundle/platforms/android-19/arch-mips --eh-frame-hdr -m elf32ltsmip -dynamic-linker /system/bin/linker -o cmTC_bca8c /home/bladestery/Android/Sdk/ndk-bundle/platforms/android-19/arch-mips/usr/lib/../lib/crtbegin_dynamic.o -L/home/bladestery/Android/Sdk/ndk-bundle/toolchains/mips64el-linux-android-4.9/prebuilt/linux-x86_64/lib/gcc/mips64el-linux-android/4.9.x/32/mips-r1 -L/home/bladestery/Android/Sdk/ndk-bundle/toolchains/mips64el-linux-android-4.9/prebuilt/linux-x86_64/lib/gcc/mips64el-linux-android/4.9.x/32/mips-r1 -L/home/bladestery/Android/Sdk/ndk-bundle/toolchains/mips64el-linux-android-4.9/prebuilt/linux-x86_64/lib/gcc/mips64el-linux-android/4.9.x/../../../../mips64el-linux-android/lib/../lib -L/home/bladestery/Android/Sdk/ndk-bundle/platforms/android-19/arch-mips/usr/lib/../lib -L/home/bladestery/Android/Sdk/ndk-bundle/toolchains/mips64el-linux-android-4.9/prebuilt/linux-x86_64/lib/gcc/mips64el-linux-android/4.9.x/../../../../mips64el-linux-android/lib -L/home/bladestery/Android/Sdk/ndk-bundle/platforms/android-19/arch-mips/usr/lib --build-id --warn-shared-textrel --fatal-warnings --no-undefined -z noexecstack -z relro -z now --gc-sections -z nocopyreloc CMakeFiles/cmTC_bca8c.dir/CMakeCXXCompilerABI.cpp.o -lstdc++ -lm -lgcc -lgcc -ldl -lc -lgcc -lgcc -ldl /home/bladestery/Android/Sdk/ndk-bundle/platforms/android-19/arch-mips/usr/lib/../lib/crtend_android.o


Parsed CXX implicit link information from above output:
  link line regex: [^( *|.*[/\])(mips64el-linux-android-ld|([^/\]+-)?ld|collect2)[^/\]*( |$)]
  ignore line: [Change Dir: /home/bladestery/Sapphire/example_apps/AndroidStudioMinnie/sapphire/.externalNativeBuild/cmake/release/mips/CMakeFiles/CMakeTmp]
  ignore line: []
  ignore line: [Run Build Command:"/home/bladestery/Android/Sdk/cmake/3.6.3155560/bin/ninja" "cmTC_bca8c"]
  ignore line: [[1/2] Building CXX object CMakeFiles/cmTC_bca8c.dir/CMakeCXXCompilerABI.cpp.o]
  ignore line: [[2/2] Linking CXX executable cmTC_bca8c]
  ignore line: [Android clang version 3.8.275480  (based on LLVM 3.8.275480)]
  ignore line: [Target: mipsel-none-linux-android]
  ignore line: [Thread model: posix]
  ignore line: [InstalledDir: /home/bladestery/Android/Sdk/ndk-bundle/toolchains/llvm/prebuilt/linux-x86_64/bin]
  ignore line: [Found candidate GCC installation: /home/bladestery/Android/Sdk/ndk-bundle/toolchains/mips64el-linux-android-4.9/prebuilt/linux-x86_64/lib/gcc/mips64el-linux-android/4.9.x]
  ignore line: [Selected GCC installation: /home/bladestery/Android/Sdk/ndk-bundle/toolchains/mips64el-linux-android-4.9/prebuilt/linux-x86_64/lib/gcc/mips64el-linux-android/4.9.x]
  ignore line: [Candidate multilib: .]
  ignore line: [@march=mips64r6]
  ignore line: [Candidate multilib: 32/mips-r1]
  ignore line: [@march=mips32]
  ignore line: [Candidate multilib: 32/mips-r2]
  ignore line: [@march=mips32r2]
  ignore line: [Candidate multilib: 32/mips-r6]
  ignore line: [@march=mips32r6]
  ignore line: [Selected multilib: 32/mips-r1]
  ignore line: [@march=mips32]
  link line: [ "/home/bladestery/Android/Sdk/ndk-bundle/toolchains/mips64el-linux-android-4.9/prebuilt/linux-x86_64/lib/gcc/mips64el-linux-android/4.9.x/../../../../mips64el-linux-android/bin/ld" --sysroot=/home/bladestery/Android/Sdk/ndk-bundle/platforms/android-19/arch-mips -pie -z relro --sysroot=/home/bladestery/Android/Sdk/ndk-bundle/platforms/android-19/arch-mips --eh-frame-hdr -m elf32ltsmip -dynamic-linker /system/bin/linker -o cmTC_bca8c /home/bladestery/Android/Sdk/ndk-bundle/platforms/android-19/arch-mips/usr/lib/../lib/crtbegin_dynamic.o -L/home/bladestery/Android/Sdk/ndk-bundle/toolchains/mips64el-linux-android-4.9/prebuilt/linux-x86_64/lib/gcc/mips64el-linux-android/4.9.x/32/mips-r1 -L/home/bladestery/Android/Sdk/ndk-bundle/toolchains/mips64el-linux-android-4.9/prebuilt/linux-x86_64/lib/gcc/mips64el-linux-android/4.9.x/32/mips-r1 -L/home/bladestery/Android/Sdk/ndk-bundle/toolchains/mips64el-linux-android-4.9/prebuilt/linux-x86_64/lib/gcc/mips64el-linux-android/4.9.x/../../../../mips64el-linux-android/lib/../lib -L/home/bladestery/Android/Sdk/ndk-bundle/platforms/android-19/arch-mips/usr/lib/../lib -L/home/bladestery/Android/Sdk/ndk-bundle/toolchains/mips64el-linux-android-4.9/prebuilt/linux-x86_64/lib/gcc/mips64el-linux-android/4.9.x/../../../../mips64el-linux-android/lib -L/home/bladestery/Android/Sdk/ndk-bundle/platforms/android-19/arch-mips/usr/lib --build-id --warn-shared-textrel --fatal-warnings --no-undefined -z noexecstack -z relro -z now --gc-sections -z nocopyreloc CMakeFiles/cmTC_bca8c.dir/CMakeCXXCompilerABI.cpp.o -lstdc++ -lm -lgcc -lgcc -ldl -lc -lgcc -lgcc -ldl /home/bladestery/Android/Sdk/ndk-bundle/platforms/android-19/arch-mips/usr/lib/../lib/crtend_android.o]
    arg [/home/bladestery/Android/Sdk/ndk-bundle/toolchains/mips64el-linux-android-4.9/prebuilt/linux-x86_64/lib/gcc/mips64el-linux-android/4.9.x/../../../../mips64el-linux-android/bin/ld] ==> ignore
    arg [--sysroot=/home/bladestery/Android/Sdk/ndk-bundle/platforms/android-19/arch-mips] ==> ignore
    arg [-pie] ==> ignore
    arg [-zrelro] ==> ignore
    arg [--sysroot=/home/bladestery/Android/Sdk/ndk-bundle/platforms/android-19/arch-mips] ==> ignore
    arg [--eh-frame-hdr] ==> ignore
    arg [-m] ==> ignore
    arg [elf32ltsmip] ==> ignore
    arg [-dynamic-linker] ==> ignore
    arg [/system/bin/linker] ==> ignore
    arg [-o] ==> ignore
    arg [cmTC_bca8c] ==> ignore
    arg [/home/bladestery/Android/Sdk/ndk-bundle/platforms/android-19/arch-mips/usr/lib/../lib/crtbegin_dynamic.o] ==> ignore
    arg [-L/home/bladestery/Android/Sdk/ndk-bundle/toolchains/mips64el-linux-android-4.9/prebuilt/linux-x86_64/lib/gcc/mips64el-linux-android/4.9.x/32/mips-r1] ==> dir [/home/bladestery/Android/Sdk/ndk-bundle/toolchains/mips64el-linux-android-4.9/prebuilt/linux-x86_64/lib/gcc/mips64el-linux-android/4.9.x/32/mips-r1]
    arg [-L/home/bladestery/Android/Sdk/ndk-bundle/toolchains/mips64el-linux-android-4.9/prebuilt/linux-x86_64/lib/gcc/mips64el-linux-android/4.9.x/32/mips-r1] ==> dir [/home/bladestery/Android/Sdk/ndk-bundle/toolchains/mips64el-linux-android-4.9/prebuilt/linux-x86_64/lib/gcc/mips64el-linux-android/4.9.x/32/mips-r1]
    arg [-L/home/bladestery/Android/Sdk/ndk-bundle/toolchains/mips64el-linux-android-4.9/prebuilt/linux-x86_64/lib/gcc/mips64el-linux-android/4.9.x/../../../../mips64el-linux-android/lib/../lib] ==> dir [/home/bladestery/Android/Sdk/ndk-bundle/toolchains/mips64el-linux-android-4.9/prebuilt/linux-x86_64/lib/gcc/mips64el-linux-android/4.9.x/../../../../mips64el-linux-android/lib/../lib]
    arg [-L/home/bladestery/Android/Sdk/ndk-bundle/platforms/android-19/arch-mips/usr/lib/../lib] ==> dir [/home/bladestery/Android/Sdk/ndk-bundle/platforms/android-19/arch-mips/usr/lib/../lib]
    arg [-L/home/bladestery/Android/Sdk/ndk-bundle/toolchains/mips64el-linux-android-4.9/prebuilt/linux-x86_64/lib/gcc/mips64el-linux-android/4.9.x/../../../../mips64el-linux-android/lib] ==> dir [/home/bladestery/Android/Sdk/ndk-bundle/toolchains/mips64el-linux-android-4.9/prebuilt/linux-x86_64/lib/gcc/mips64el-linux-android/4.9.x/../../../../mips64el-linux-android/lib]
    arg [-L/home/bladestery/Android/Sdk/ndk-bundle/platforms/android-19/arch-mips/usr/lib] ==> dir [/home/bladestery/Android/Sdk/ndk-bundle/platforms/android-19/arch-mips/usr/lib]
    arg [--build-id] ==> ignore
    arg [--warn-shared-textrel] ==> ignore
    arg [--fatal-warnings] ==> ignore
    arg [--no-undefined] ==> ignore
    arg [-znoexecstack] ==> ignore
    arg [-zrelro] ==> ignore
    arg [-znow] ==> ignore
    arg [--gc-sections] ==> ignore
    arg [-znocopyreloc] ==> ignore
    arg [CMakeFiles/cmTC_bca8c.dir/CMakeCXXCompilerABI.cpp.o] ==> ignore
    arg [-lstdc++] ==> lib [stdc++]
    arg [-lm] ==> lib [m]
    arg [-lgcc] ==> lib [gcc]
    arg [-lgcc] ==> lib [gcc]
    arg [-ldl] ==> lib [dl]
    arg [-lc] ==> lib [c]
    arg [-lgcc] ==> lib [gcc]
    arg [-lgcc] ==> lib [gcc]
    arg [-ldl] ==> lib [dl]
    arg [/home/bladestery/Android/Sdk/ndk-bundle/platforms/android-19/arch-mips/usr/lib/../lib/crtend_android.o] ==> ignore
  remove lib [gcc]
  remove lib [gcc]
  remove lib [gcc]
  remove lib [gcc]
  collapse library dir [/home/bladestery/Android/Sdk/ndk-bundle/toolchains/mips64el-linux-android-4.9/prebuilt/linux-x86_64/lib/gcc/mips64el-linux-android/4.9.x/32/mips-r1] ==> [/home/bladestery/Android/Sdk/ndk-bundle/toolchains/mips64el-linux-android-4.9/prebuilt/linux-x86_64/lib/gcc/mips64el-linux-android/4.9.x/32/mips-r1]
  collapse library dir [/home/bladestery/Android/Sdk/ndk-bundle/toolchains/mips64el-linux-android-4.9/prebuilt/linux-x86_64/lib/gcc/mips64el-linux-android/4.9.x/32/mips-r1] ==> [/home/bladestery/Android/Sdk/ndk-bundle/toolchains/mips64el-linux-android-4.9/prebuilt/linux-x86_64/lib/gcc/mips64el-linux-android/4.9.x/32/mips-r1]
  collapse library dir [/home/bladestery/Android/Sdk/ndk-bundle/toolchains/mips64el-linux-android-4.9/prebuilt/linux-x86_64/lib/gcc/mips64el-linux-android/4.9.x/../../../../mips64el-linux-android/lib/../lib] ==> [/home/bladestery/Android/Sdk/ndk-bundle/toolchains/mips64el-linux-android-4.9/prebuilt/linux-x86_64/mips64el-linux-android/lib]
  collapse library dir [/home/bladestery/Android/Sdk/ndk-bundle/platforms/android-19/arch-mips/usr/lib/../lib] ==> [/home/bladestery/Android/Sdk/ndk-bundle/platforms/android-19/arch-mips/usr/lib]
  collapse library dir [/home/bladestery/Android/Sdk/ndk-bundle/toolchains/mips64el-linux-android-4.9/prebuilt/linux-x86_64/lib/gcc/mips64el-linux-android/4.9.x/../../../../mips64el-linux-android/lib] ==> [/home/bladestery/Android/Sdk/ndk-bundle/toolchains/mips64el-linux-android-4.9/prebuilt/linux-x86_64/mips64el-linux-android/lib]
  collapse library dir [/home/bladestery/Android/Sdk/ndk-bundle/platforms/android-19/arch-mips/usr/lib] ==> [/home/bladestery/Android/Sdk/ndk-bundle/platforms/android-19/arch-mips/usr/lib]
  implicit libs: [stdc++;m;dl;c;dl]
  implicit dirs: [/home/bladestery/Android/Sdk/ndk-bundle/toolchains/mips64el-linux-android-4.9/prebuilt/linux-x86_64/lib/gcc/mips64el-linux-android/4.9.x/32/mips-r1;/home/bladestery/Android/Sdk/ndk-bundle/toolchains/mips64el-linux-android-4.9/prebuilt/linux-x86_64/mips64el-linux-android/lib;/home/bladestery/Android/Sdk/ndk-bundle/platforms/android-19/arch-mips/usr/lib]
  implicit fwks: []




Detecting CXX [-std=c++14] compiler features compiled with the following output:
Change Dir: /home/bladestery/Sapphire/example_apps/AndroidStudioMinnie/sapphire/.externalNativeBuild/cmake/release/mips/CMakeFiles/CMakeTmp

Run Build Command:"/home/bladestery/Android/Sdk/cmake/3.6.3155560/bin/ninja" "cmTC_d7e2f"
[1/2] Building CXX object CMakeFiles/cmTC_d7e2f.dir/feature_tests.cxx.o
[2/2] Linking CXX executable cmTC_d7e2f


    Feature record: CXX_FEATURE:1cxx_aggregate_default_initializers
    Feature record: CXX_FEATURE:1cxx_alias_templates
    Feature record: CXX_FEATURE:1cxx_alignas
    Feature record: CXX_FEATURE:1cxx_alignof
    Feature record: CXX_FEATURE:1cxx_attributes
    Feature record: CXX_FEATURE:1cxx_attribute_deprecated
    Feature record: CXX_FEATURE:1cxx_auto_type
    Feature record: CXX_FEATURE:1cxx_binary_literals
    Feature record: CXX_FEATURE:1cxx_constexpr
    Feature record: CXX_FEATURE:1cxx_contextual_conversions
    Feature record: CXX_FEATURE:1cxx_decltype
    Feature record: CXX_FEATURE:1cxx_decltype_auto
    Feature record: CXX_FEATURE:1cxx_decltype_incomplete_return_types
    Feature record: CXX_FEATURE:1cxx_default_function_template_args
    Feature record: CXX_FEATURE:1cxx_defaulted_functions
    Feature record: CXX_FEATURE:1cxx_defaulted_move_initializers
    Feature record: CXX_FEATURE:1cxx_delegating_constructors
    Feature record: CXX_FEATURE:1cxx_deleted_functions
    Feature record: CXX_FEATURE:1cxx_digit_separators
    Feature record: CXX_FEATURE:1cxx_enum_forward_declarations
    Feature record: CXX_FEATURE:1cxx_explicit_conversions
    Feature record: CXX_FEATURE:1cxx_extended_friend_declarations
    Feature record: CXX_FEATURE:1cxx_extern_templates
    Feature record: CXX_FEATURE:1cxx_final
    Feature record: CXX_FEATURE:1cxx_func_identifier
    Feature record: CXX_FEATURE:1cxx_generalized_initializers
    Feature record: CXX_FEATURE:1cxx_generic_lambdas
    Feature record: CXX_FEATURE:1cxx_inheriting_constructors
    Feature record: CXX_FEATURE:1cxx_inline_namespaces
    Feature record: CXX_FEATURE:1cxx_lambdas
    Feature record: CXX_FEATURE:1cxx_lambda_init_captures
    Feature record: CXX_FEATURE:1cxx_local_type_template_args
    Feature record: CXX_FEATURE:1cxx_long_long_type
    Feature record: CXX_FEATURE:1cxx_noexcept
    Feature record: CXX_FEATURE:1cxx_nonstatic_member_init
    Feature record: CXX_FEATURE:1cxx_nullptr
    Feature record: CXX_FEATURE:1cxx_override
    Feature record: CXX_FEATURE:1cxx_range_for
    Feature record: CXX_FEATURE:1cxx_raw_string_literals
    Feature record: CXX_FEATURE:1cxx_reference_qualified_functions
    Feature record: CXX_FEATURE:1cxx_relaxed_constexpr
    Feature record: CXX_FEATURE:1cxx_return_type_deduction
    Feature record: CXX_FEATURE:1cxx_right_angle_brackets
    Feature record: CXX_FEATURE:1cxx_rvalue_references
    Feature record: CXX_FEATURE:1cxx_sizeof_member
    Feature record: CXX_FEATURE:1cxx_static_assert
    Feature record: CXX_FEATURE:1cxx_strong_enums
    Feature record: CXX_FEATURE:1cxx_template_template_parameters
    Feature record: CXX_FEATURE:1cxx_thread_local
    Feature record: CXX_FEATURE:1cxx_trailing_return_types
    Feature record: CXX_FEATURE:1cxx_unicode_literals
    Feature record: CXX_FEATURE:1cxx_uniform_initialization
    Feature record: CXX_FEATURE:1cxx_unrestricted_unions
    Feature record: CXX_FEATURE:1cxx_user_literals
    Feature record: CXX_FEATURE:1cxx_variable_templates
    Feature record: CXX_FEATURE:1cxx_variadic_macros
    Feature record: CXX_FEATURE:1cxx_variadic_templates


Detecting CXX [-std=c++11] compiler features compiled with the following output:
Change Dir: /home/bladestery/Sapphire/example_apps/AndroidStudioMinnie/sapphire/.externalNativeBuild/cmake/release/mips/CMakeFiles/CMakeTmp

Run Build Command:"/home/bladestery/Android/Sdk/cmake/3.6.3155560/bin/ninja" "cmTC_6c26e"
[1/2] Building CXX object CMakeFiles/cmTC_6c26e.dir/feature_tests.cxx.o
[2/2] Linking CXX executable cmTC_6c26e


    Feature record: CXX_FEATURE:0cxx_aggregate_default_initializers
    Feature record: CXX_FEATURE:1cxx_alias_templates
    Feature record: CXX_FEATURE:1cxx_alignas
    Feature record: CXX_FEATURE:1cxx_alignof
    Feature record: CXX_FEATURE:1cxx_attributes
    Feature record: CXX_FEATURE:0cxx_attribute_deprecated
    Feature record: CXX_FEATURE:1cxx_auto_type
    Feature record: CXX_FEATURE:0cxx_binary_literals
    Feature record: CXX_FEATURE:1cxx_constexpr
    Feature record: CXX_FEATURE:0cxx_contextual_conversions
    Feature record: CXX_FEATURE:1cxx_decltype
    Feature record: CXX_FEATURE:0cxx_decltype_auto
    Feature record: CXX_FEATURE:1cxx_decltype_incomplete_return_types
    Feature record: CXX_FEATURE:1cxx_default_function_template_args
    Feature record: CXX_FEATURE:1cxx_defaulted_functions
    Feature record: CXX_FEATURE:1cxx_defaulted_move_initializers
    Feature record: CXX_FEATURE:1cxx_delegating_constructors
    Feature record: CXX_FEATURE:1cxx_deleted_functions
    Feature record: CXX_FEATURE:0cxx_digit_separators
    Feature record: CXX_FEATURE:1cxx_enum_forward_declarations
    Feature record: CXX_FEATURE:1cxx_explicit_conversions
    Feature record: CXX_FEATURE:1cxx_extended_friend_declarations
    Feature record: CXX_FEATURE:1cxx_extern_templates
    Feature record: CXX_FEATURE:1cxx_final
    Feature record: CXX_FEATURE:1cxx_func_identifier
    Feature record: CXX_FEATURE:1cxx_generalized_initializers
    Feature record: CXX_FEATURE:0cxx_generic_lambdas
    Feature record: CXX_FEATURE:1cxx_inheriting_constructors
    Feature record: CXX_FEATURE:1cxx_inline_namespaces
    Feature record: CXX_FEATURE:1cxx_lambdas
    Feature record: CXX_FEATURE:0cxx_lambda_init_captures
    Feature record: CXX_FEATURE:1cxx_local_type_template_args
    Feature record: CXX_FEATURE:1cxx_long_long_type
    Feature record: CXX_FEATURE:1cxx_noexcept
    Feature record: CXX_FEATURE:1cxx_nonstatic_member_init
    Feature record: CXX_FEATURE:1cxx_nullptr
    Feature record: CXX_FEATURE:1cxx_override
    Feature record: CXX_FEATURE:1cxx_range_for
    Feature record: CXX_FEATURE:1cxx_raw_string_literals
    Feature record: CXX_FEATURE:1cxx_reference_qualified_functions
    Feature record: CXX_FEATURE:0cxx_relaxed_constexpr
    Feature record: CXX_FEATURE:0cxx_return_type_deduction
    Feature record: CXX_FEATURE:1cxx_right_angle_brackets
    Feature record: CXX_FEATURE:1cxx_rvalue_references
    Feature record: CXX_FEATURE:1cxx_sizeof_member
    Feature record: CXX_FEATURE:1cxx_static_assert
    Feature record: CXX_FEATURE:1cxx_strong_enums
    Feature record: CXX_FEATURE:1cxx_template_template_parameters
    Feature record: CXX_FEATURE:1cxx_thread_local
    Feature record: CXX_FEATURE:1cxx_trailing_return_types
    Feature record: CXX_FEATURE:1cxx_unicode_literals
    Feature record: CXX_FEATURE:1cxx_uniform_initialization
    Feature record: CXX_FEATURE:1cxx_unrestricted_unions
    Feature record: CXX_FEATURE:1cxx_user_literals
    Feature record: CXX_FEATURE:0cxx_variable_templates
    Feature record: CXX_FEATURE:1cxx_variadic_macros
    Feature record: CXX_FEATURE:1cxx_variadic_templates


Detecting CXX [-std=c++98] compiler features compiled with the following output:
Change Dir: /home/bladestery/Sapphire/example_apps/AndroidStudioMinnie/sapphire/.externalNativeBuild/cmake/release/mips/CMakeFiles/CMakeTmp

Run Build Command:"/home/bladestery/Android/Sdk/cmake/3.6.3155560/bin/ninja" "cmTC_72b5c"
[1/2] Building CXX object CMakeFiles/cmTC_72b5c.dir/feature_tests.cxx.o
[2/2] Linking CXX executable cmTC_72b5c


    Feature record: CXX_FEATURE:0cxx_aggregate_default_initializers
    Feature record: CXX_FEATURE:0cxx_alias_templates
    Feature record: CXX_FEATURE:0cxx_alignas
    Feature record: CXX_FEATURE:0cxx_alignof
    Feature record: CXX_FEATURE:0cxx_attributes
    Feature record: CXX_FEATURE:0cxx_attribute_deprecated
    Feature record: CXX_FEATURE:0cxx_auto_type
    Feature record: CXX_FEATURE:0cxx_binary_literals
    Feature record: CXX_FEATURE:0cxx_constexpr
    Feature record: CXX_FEATURE:0cxx_contextual_conversions
    Feature record: CXX_FEATURE:0cxx_decltype
    Feature record: CXX_FEATURE:0cxx_decltype_auto
    Feature record: CXX_FEATURE:0cxx_decltype_incomplete_return_types
    Feature record: CXX_FEATURE:0cxx_default_function_template_args
    Feature record: CXX_FEATURE:0cxx_defaulted_functions
    Feature record: CXX_FEATURE:0cxx_defaulted_move_initializers
    Feature record: CXX_FEATURE:0cxx_delegating_constructors
    Feature record: CXX_FEATURE:0cxx_deleted_functions
    Feature record: CXX_FEATURE:0cxx_digit_separators
    Feature record: CXX_FEATURE:0cxx_enum_forward_declarations
    Feature record: CXX_FEATURE:0cxx_explicit_conversions
    Feature record: CXX_FEATURE:0cxx_extended_friend_declarations
    Feature record: CXX_FEATURE:0cxx_extern_templates
    Feature record: CXX_FEATURE:0cxx_final
    Feature record: CXX_FEATURE:0cxx_func_identifier
    Feature record: CXX_FEATURE:0cxx_generalized_initializers
    Feature record: CXX_FEATURE:0cxx_generic_lambdas
    Feature record: CXX_FEATURE:0cxx_inheriting_constructors
    Feature record: CXX_FEATURE:0cxx_inline_namespaces
    Feature record: CXX_FEATURE:0cxx_lambdas
    Feature record: CXX_FEATURE:0cxx_lambda_init_captures
    Feature record: CXX_FEATURE:0cxx_local_type_template_args
    Feature record: CXX_FEATURE:0cxx_long_long_type
    Feature record: CXX_FEATURE:0cxx_noexcept
    Feature record: CXX_FEATURE:0cxx_nonstatic_member_init
    Feature record: CXX_FEATURE:0cxx_nullptr
    Feature record: CXX_FEATURE:0cxx_override
    Feature record: CXX_FEATURE:0cxx_range_for
    Feature record: CXX_FEATURE:0cxx_raw_string_literals
    Feature record: CXX_FEATURE:0cxx_reference_qualified_functions
    Feature record: CXX_FEATURE:0cxx_relaxed_constexpr
    Feature record: CXX_FEATURE:0cxx_return_type_deduction
    Feature record: CXX_FEATURE:0cxx_right_angle_brackets
    Feature record: CXX_FEATURE:0cxx_rvalue_references
    Feature record: CXX_FEATURE:0cxx_sizeof_member
    Feature record: CXX_FEATURE:0cxx_static_assert
    Feature record: CXX_FEATURE:0cxx_strong_enums
    Feature record: CXX_FEATURE:1cxx_template_template_parameters
    Feature record: CXX_FEATURE:0cxx_thread_local
    Feature record: CXX_FEATURE:0cxx_trailing_return_types
    Feature record: CXX_FEATURE:0cxx_unicode_literals
    Feature record: CXX_FEATURE:0cxx_uniform_initialization
    Feature record: CXX_FEATURE:0cxx_unrestricted_unions
    Feature record: CXX_FEATURE:0cxx_user_literals
    Feature record: CXX_FEATURE:0cxx_variable_templates
    Feature record: CXX_FEATURE:0cxx_variadic_macros
    Feature record: CXX_FEATURE:0cxx_variadic_templates
Determining if the C compiler works passed with the following output:
Change Dir: /home/bladestery/Sapphire/example_apps/AndroidStudioMinnie/sapphire/.externalNativeBuild/cmake/release/mips/CMakeFiles/CMakeTmp

Run Build Command:"/home/bladestery/Android/Sdk/cmake/3.6.3155560/bin/ninja" "cmTC_64c99"
[1/2] Building C object CMakeFiles/cmTC_64c99.dir/testCCompiler.c.o
[2/2] Linking C executable cmTC_64c99


Detecting C compiler ABI info compiled with the following output:
Change Dir: /home/bladestery/Sapphire/example_apps/AndroidStudioMinnie/sapphire/.externalNativeBuild/cmake/release/mips/CMakeFiles/CMakeTmp

Run Build Command:"/home/bladestery/Android/Sdk/cmake/3.6.3155560/bin/ninja" "cmTC_29711"
[1/2] Building C object CMakeFiles/cmTC_29711.dir/CMakeCCompilerABI.c.o
[2/2] Linking C executable cmTC_29711
Android clang version 3.8.275480  (based on LLVM 3.8.275480)
Target: mipsel-none-linux-android
Thread model: posix
InstalledDir: /home/bladestery/Android/Sdk/ndk-bundle/toolchains/llvm/prebuilt/linux-x86_64/bin
Found candidate GCC installation: /home/bladestery/Android/Sdk/ndk-bundle/toolchains/mips64el-linux-android-4.9/prebuilt/linux-x86_64/lib/gcc/mips64el-linux-android/4.9.x
Selected GCC installation: /home/bladestery/Android/Sdk/ndk-bundle/toolchains/mips64el-linux-android-4.9/prebuilt/linux-x86_64/lib/gcc/mips64el-linux-android/4.9.x
Candidate multilib: .;@march=mips64r6
Candidate multilib: 32/mips-r1;@march=mips32
Candidate multilib: 32/mips-r2;@march=mips32r2
Candidate multilib: 32/mips-r6;@march=mips32r6
Selected multilib: 32/mips-r1;@march=mips32
 "/home/bladestery/Android/Sdk/ndk-bundle/toolchains/mips64el-linux-android-4.9/prebuilt/linux-x86_64/lib/gcc/mips64el-linux-android/4.9.x/../../../../mips64el-linux-android/bin/ld" --sysroot=/home/bladestery/Android/Sdk/ndk-bundle/platforms/android-19/arch-mips -pie -z relro --sysroot=/home/bladestery/Android/Sdk/ndk-bundle/platforms/android-19/arch-mips --eh-frame-hdr -m elf32ltsmip -dynamic-linker /system/bin/linker -o cmTC_29711 /home/bladestery/Android/Sdk/ndk-bundle/platforms/android-19/arch-mips/usr/lib/../lib/crtbegin_dynamic.o -L/home/bladestery/Android/Sdk/ndk-bundle/toolchains/mips64el-linux-android-4.9/prebuilt/linux-x86_64/lib/gcc/mips64el-linux-android/4.9.x/32/mips-r1 -L/home/bladestery/Android/Sdk/ndk-bundle/toolchains/mips64el-linux-android-4.9/prebuilt/linux-x86_64/lib/gcc/mips64el-linux-android/4.9.x/32/mips-r1 -L/home/bladestery/Android/Sdk/ndk-bundle/toolchains/mips64el-linux-android-4.9/prebuilt/linux-x86_64/lib/gcc/mips64el-linux-android/4.9.x/../../../../mips64el-linux-android/lib/../lib -L/home/bladestery/Android/Sdk/ndk-bundle/platforms/android-19/arch-mips/usr/lib/../lib -L/home/bladestery/Android/Sdk/ndk-bundle/toolchains/mips64el-linux-android-4.9/prebuilt/linux-x86_64/lib/gcc/mips64el-linux-android/4.9.x/../../../../mips64el-linux-android/lib -L/home/bladestery/Android/Sdk/ndk-bundle/platforms/android-19/arch-mips/usr/lib --build-id --warn-shared-textrel --fatal-warnings --no-undefined -z noexecstack -z relro -z now --gc-sections -z nocopyreloc CMakeFiles/cmTC_29711.dir/CMakeCCompilerABI.c.o -lgcc -ldl -lc -lgcc -ldl /home/bladestery/Android/Sdk/ndk-bundle/platforms/android-19/arch-mips/usr/lib/../lib/crtend_android.o


Parsed C implicit link information from above output:
  link line regex: [^( *|.*[/\])(mips64el-linux-android-ld|([^/\]+-)?ld|collect2)[^/\]*( |$)]
  ignore line: [Change Dir: /home/bladestery/Sapphire/example_apps/AndroidStudioMinnie/sapphire/.externalNativeBuild/cmake/release/mips/CMakeFiles/CMakeTmp]
  ignore line: []
  ignore line: [Run Build Command:"/home/bladestery/Android/Sdk/cmake/3.6.3155560/bin/ninja" "cmTC_29711"]
  ignore line: [[1/2] Building C object CMakeFiles/cmTC_29711.dir/CMakeCCompilerABI.c.o]
  ignore line: [[2/2] Linking C executable cmTC_29711]
  ignore line: [Android clang version 3.8.275480  (based on LLVM 3.8.275480)]
  ignore line: [Target: mipsel-none-linux-android]
  ignore line: [Thread model: posix]
  ignore line: [InstalledDir: /home/bladestery/Android/Sdk/ndk-bundle/toolchains/llvm/prebuilt/linux-x86_64/bin]
  ignore line: [Found candidate GCC installation: /home/bladestery/Android/Sdk/ndk-bundle/toolchains/mips64el-linux-android-4.9/prebuilt/linux-x86_64/lib/gcc/mips64el-linux-android/4.9.x]
  ignore line: [Selected GCC installation: /home/bladestery/Android/Sdk/ndk-bundle/toolchains/mips64el-linux-android-4.9/prebuilt/linux-x86_64/lib/gcc/mips64el-linux-android/4.9.x]
  ignore line: [Candidate multilib: .]
  ignore line: [@march=mips64r6]
  ignore line: [Candidate multilib: 32/mips-r1]
  ignore line: [@march=mips32]
  ignore line: [Candidate multilib: 32/mips-r2]
  ignore line: [@march=mips32r2]
  ignore line: [Candidate multilib: 32/mips-r6]
  ignore line: [@march=mips32r6]
  ignore line: [Selected multilib: 32/mips-r1]
  ignore line: [@march=mips32]
  link line: [ "/home/bladestery/Android/Sdk/ndk-bundle/toolchains/mips64el-linux-android-4.9/prebuilt/linux-x86_64/lib/gcc/mips64el-linux-android/4.9.x/../../../../mips64el-linux-android/bin/ld" --sysroot=/home/bladestery/Android/Sdk/ndk-bundle/platforms/android-19/arch-mips -pie -z relro --sysroot=/home/bladestery/Android/Sdk/ndk-bundle/platforms/android-19/arch-mips --eh-frame-hdr -m elf32ltsmip -dynamic-linker /system/bin/linker -o cmTC_29711 /home/bladestery/Android/Sdk/ndk-bundle/platforms/android-19/arch-mips/usr/lib/../lib/crtbegin_dynamic.o -L/home/bladestery/Android/Sdk/ndk-bundle/toolchains/mips64el-linux-android-4.9/prebuilt/linux-x86_64/lib/gcc/mips64el-linux-android/4.9.x/32/mips-r1 -L/home/bladestery/Android/Sdk/ndk-bundle/toolchains/mips64el-linux-android-4.9/prebuilt/linux-x86_64/lib/gcc/mips64el-linux-android/4.9.x/32/mips-r1 -L/home/bladestery/Android/Sdk/ndk-bundle/toolchains/mips64el-linux-android-4.9/prebuilt/linux-x86_64/lib/gcc/mips64el-linux-android/4.9.x/../../../../mips64el-linux-android/lib/../lib -L/home/bladestery/Android/Sdk/ndk-bundle/platforms/android-19/arch-mips/usr/lib/../lib -L/home/bladestery/Android/Sdk/ndk-bundle/toolchains/mips64el-linux-android-4.9/prebuilt/linux-x86_64/lib/gcc/mips64el-linux-android/4.9.x/../../../../mips64el-linux-android/lib -L/home/bladestery/Android/Sdk/ndk-bundle/platforms/android-19/arch-mips/usr/lib --build-id --warn-shared-textrel --fatal-warnings --no-undefined -z noexecstack -z relro -z now --gc-sections -z nocopyreloc CMakeFiles/cmTC_29711.dir/CMakeCCompilerABI.c.o -lgcc -ldl -lc -lgcc -ldl /home/bladestery/Android/Sdk/ndk-bundle/platforms/android-19/arch-mips/usr/lib/../lib/crtend_android.o]
    arg [/home/bladestery/Android/Sdk/ndk-bundle/toolchains/mips64el-linux-android-4.9/prebuilt/linux-x86_64/lib/gcc/mips64el-linux-android/4.9.x/../../../../mips64el-linux-android/bin/ld] ==> ignore
    arg [--sysroot=/home/bladestery/Android/Sdk/ndk-bundle/platforms/android-19/arch-mips] ==> ignore
    arg [-pie] ==> ignore
    arg [-zrelro] ==> ignore
    arg [--sysroot=/home/bladestery/Android/Sdk/ndk-bundle/platforms/android-19/arch-mips] ==> ignore
    arg [--eh-frame-hdr] ==> ignore
    arg [-m] ==> ignore
    arg [elf32ltsmip] ==> ignore
    arg [-dynamic-linker] ==> ignore
    arg [/system/bin/linker] ==> ignore
    arg [-o] ==> ignore
    arg [cmTC_29711] ==> ignore
    arg [/home/bladestery/Android/Sdk/ndk-bundle/platforms/android-19/arch-mips/usr/lib/../lib/crtbegin_dynamic.o] ==> ignore
    arg [-L/home/bladestery/Android/Sdk/ndk-bundle/toolchains/mips64el-linux-android-4.9/prebuilt/linux-x86_64/lib/gcc/mips64el-linux-android/4.9.x/32/mips-r1] ==> dir [/home/bladestery/Android/Sdk/ndk-bundle/toolchains/mips64el-linux-android-4.9/prebuilt/linux-x86_64/lib/gcc/mips64el-linux-android/4.9.x/32/mips-r1]
    arg [-L/home/bladestery/Android/Sdk/ndk-bundle/toolchains/mips64el-linux-android-4.9/prebuilt/linux-x86_64/lib/gcc/mips64el-linux-android/4.9.x/32/mips-r1] ==> dir [/home/bladestery/Android/Sdk/ndk-bundle/toolchains/mips64el-linux-android-4.9/prebuilt/linux-x86_64/lib/gcc/mips64el-linux-android/4.9.x/32/mips-r1]
    arg [-L/home/bladestery/Android/Sdk/ndk-bundle/toolchains/mips64el-linux-android-4.9/prebuilt/linux-x86_64/lib/gcc/mips64el-linux-android/4.9.x/../../../../mips64el-linux-android/lib/../lib] ==> dir [/home/bladestery/Android/Sdk/ndk-bundle/toolchains/mips64el-linux-android-4.9/prebuilt/linux-x86_64/lib/gcc/mips64el-linux-android/4.9.x/../../../../mips64el-linux-android/lib/../lib]
    arg [-L/home/bladestery/Android/Sdk/ndk-bundle/platforms/android-19/arch-mips/usr/lib/../lib] ==> dir [/home/bladestery/Android/Sdk/ndk-bundle/platforms/android-19/arch-mips/usr/lib/../lib]
    arg [-L/home/bladestery/Android/Sdk/ndk-bundle/toolchains/mips64el-linux-android-4.9/prebuilt/linux-x86_64/lib/gcc/mips64el-linux-android/4.9.x/../../../../mips64el-linux-android/lib] ==> dir [/home/bladestery/Android/Sdk/ndk-bundle/toolchains/mips64el-linux-android-4.9/prebuilt/linux-x86_64/lib/gcc/mips64el-linux-android/4.9.x/../../../../mips64el-linux-android/lib]
    arg [-L/home/bladestery/Android/Sdk/ndk-bundle/platforms/android-19/arch-mips/usr/lib] ==> dir [/home/bladestery/Android/Sdk/ndk-bundle/platforms/android-19/arch-mips/usr/lib]
    arg [--build-id] ==> ignore
    arg [--warn-shared-textrel] ==> ignore
    arg [--fatal-warnings] ==> ignore
    arg [--no-undefined] ==> ignore
    arg [-znoexecstack] ==> ignore
    arg [-zrelro] ==> ignore
    arg [-znow] ==> ignore
    arg [--gc-sections] ==> ignore
    arg [-znocopyreloc] ==> ignore
    arg [CMakeFiles/cmTC_29711.dir/CMakeCCompilerABI.c.o] ==> ignore
    arg [-lgcc] ==> lib [gcc]
    arg [-ldl] ==> lib [dl]
    arg [-lc] ==> lib [c]
    arg [-lgcc] ==> lib [gcc]
    arg [-ldl] ==> lib [dl]
    arg [/home/bladestery/Android/Sdk/ndk-bundle/platforms/android-19/arch-mips/usr/lib/../lib/crtend_android.o] ==> ignore
  remove lib [gcc]
  remove lib [gcc]
  collapse library dir [/home/bladestery/Android/Sdk/ndk-bundle/toolchains/mips64el-linux-android-4.9/prebuilt/linux-x86_64/lib/gcc/mips64el-linux-android/4.9.x/32/mips-r1] ==> [/home/bladestery/Android/Sdk/ndk-bundle/toolchains/mips64el-linux-android-4.9/prebuilt/linux-x86_64/lib/gcc/mips64el-linux-android/4.9.x/32/mips-r1]
  collapse library dir [/home/bladestery/Android/Sdk/ndk-bundle/toolchains/mips64el-linux-android-4.9/prebuilt/linux-x86_64/lib/gcc/mips64el-linux-android/4.9.x/32/mips-r1] ==> [/home/bladestery/Android/Sdk/ndk-bundle/toolchains/mips64el-linux-android-4.9/prebuilt/linux-x86_64/lib/gcc/mips64el-linux-android/4.9.x/32/mips-r1]
  collapse library dir [/home/bladestery/Android/Sdk/ndk-bundle/toolchains/mips64el-linux-android-4.9/prebuilt/linux-x86_64/lib/gcc/mips64el-linux-android/4.9.x/../../../../mips64el-linux-android/lib/../lib] ==> [/home/bladestery/Android/Sdk/ndk-bundle/toolchains/mips64el-linux-android-4.9/prebuilt/linux-x86_64/mips64el-linux-android/lib]
  collapse library dir [/home/bladestery/Android/Sdk/ndk-bundle/platforms/android-19/arch-mips/usr/lib/../lib] ==> [/home/bladestery/Android/Sdk/ndk-bundle/platforms/android-19/arch-mips/usr/lib]
  collapse library dir [/home/bladestery/Android/Sdk/ndk-bundle/toolchains/mips64el-linux-android-4.9/prebuilt/linux-x86_64/lib/gcc/mips64el-linux-android/4.9.x/../../../../mips64el-linux-android/lib] ==> [/home/bladestery/Android/Sdk/ndk-bundle/toolchains/mips64el-linux-android-4.9/prebuilt/linux-x86_64/mips64el-linux-android/lib]
  collapse library dir [/home/bladestery/Android/Sdk/ndk-bundle/platforms/android-19/arch-mips/usr/lib] ==> [/home/bladestery/Android/Sdk/ndk-bundle/platforms/android-19/arch-mips/usr/lib]
  implicit libs: [dl;c;dl]
  implicit dirs: [/home/bladestery/Android/Sdk/ndk-bundle/toolchains/mips64el-linux-android-4.9/prebuilt/linux-x86_64/lib/gcc/mips64el-linux-android/4.9.x/32/mips-r1;/home/bladestery/Android/Sdk/ndk-bundle/toolchains/mips64el-linux-android-4.9/prebuilt/linux-x86_64/mips64el-linux-android/lib;/home/bladestery/Android/Sdk/ndk-bundle/platforms/android-19/arch-mips/usr/lib]
  implicit fwks: []




Detecting C [-std=c11] compiler features compiled with the following output:
Change Dir: /home/bladestery/Sapphire/example_apps/AndroidStudioMinnie/sapphire/.externalNativeBuild/cmake/release/mips/CMakeFiles/CMakeTmp

Run Build Command:"/home/bladestery/Android/Sdk/cmake/3.6.3155560/bin/ninja" "cmTC_ae0bd"
[1/2] Building C object CMakeFiles/cmTC_ae0bd.dir/feature_tests.c.o
[2/2] Linking C executable cmTC_ae0bd


    Feature record: C_FEATURE:1c_function_prototypes
    Feature record: C_FEATURE:1c_restrict
    Feature record: C_FEATURE:1c_static_assert
    Feature record: C_FEATURE:1c_variadic_macros


Detecting C [-std=c99] compiler features compiled with the following output:
Change Dir: /home/bladestery/Sapphire/example_apps/AndroidStudioMinnie/sapphire/.externalNativeBuild/cmake/release/mips/CMakeFiles/CMakeTmp

Run Build Command:"/home/bladestery/Android/Sdk/cmake/3.6.3155560/bin/ninja" "cmTC_19441"
[1/2] Building C object CMakeFiles/cmTC_19441.dir/feature_tests.c.o
[2/2] Linking C executable cmTC_19441


    Feature record: C_FEATURE:1c_function_prototypes
    Feature record: C_FEATURE:1c_restrict
    Feature record: C_FEATURE:0c_static_assert
    Feature record: C_FEATURE:1c_variadic_macros


Detecting C [-std=c90] compiler features compiled with the following output:
Change Dir: /home/bladestery/Sapphire/example_apps/AndroidStudioMinnie/sapphire/.externalNativeBuild/cmake/release/mips/CMakeFiles/CMakeTmp

Run Build Command:"/home/bladestery/Android/Sdk/cmake/3.6.3155560/bin/ninja" "cmTC_d303c"
[1/2] Building C object CMakeFiles/cmTC_d303c.dir/feature_tests.c.o
[2/2] Linking C executable cmTC_d303c


    Feature record: C_FEATURE:1c_function_prototypes
    Feature record: C_FEATURE:0c_restrict
    Feature record: C_FEATURE:0c_static_assert
    Feature record: C_FEATURE:0c_variadic_macros
Determining if the include file pthread.h exists passed with the following output:
Change Dir: /home/bladestery/Sapphire/example_apps/AndroidStudioMinnie/sapphire/.externalNativeBuild/cmake/release/mips/CMakeFiles/CMakeTmp

Run Build Command:"/home/bladestery/Android/Sdk/cmake/3.6.3155560/bin/ninja" "cmTC_f4e76"
[1/2] Building C object CMakeFiles/cmTC_f4e76.dir/CheckIncludeFile.c.o
[2/2] Linking C executable cmTC_f4e76


Determining if the include file sys/types.h exists passed with the following output:
Change Dir: /home/bladestery/Sapphire/example_apps/AndroidStudioMinnie/sapphire/.externalNativeBuild/cmake/release/mips/CMakeFiles/CMakeTmp

Run Build Command:"/home/bladestery/Android/Sdk/cmake/3.6.3155560/bin/ninja" "cmTC_17302"
[1/2] Building C object CMakeFiles/cmTC_17302.dir/CheckIncludeFile.c.o
[2/2] Linking C executable cmTC_17302


Determining if the include file stdint.h exists passed with the following output:
Change Dir: /home/bladestery/Sapphire/example_apps/AndroidStudioMinnie/sapphire/.externalNativeBuild/cmake/release/mips/CMakeFiles/CMakeTmp

Run Build Command:"/home/bladestery/Android/Sdk/cmake/3.6.3155560/bin/ninja" "cmTC_61a37"
[1/2] Building C object CMakeFiles/cmTC_61a37.dir/CheckIncludeFile.c.o
[2/2] Linking C executable cmTC_61a37


Determining if the include file stddef.h exists passed with the following output:
Change Dir: /home/bladestery/Sapphire/example_apps/AndroidStudioMinnie/sapphire/.externalNativeBuild/cmake/release/mips/CMakeFiles/CMakeTmp

Run Build Command:"/home/bladestery/Android/Sdk/cmake/3.6.3155560/bin/ninja" "cmTC_ce1af"
[1/2] Building C object CMakeFiles/cmTC_ce1af.dir/CheckIncludeFile.c.o
[2/2] Linking C executable cmTC_ce1af


Determining size of unsigned short passed with the following output:
Change Dir: /home/bladestery/Sapphire/example_apps/AndroidStudioMinnie/sapphire/.externalNativeBuild/cmake/release/mips/CMakeFiles/CMakeTmp

Run Build Command:"/home/bladestery/Android/Sdk/cmake/3.6.3155560/bin/ninja" "cmTC_f3418"
[1/2] Building C object CMakeFiles/cmTC_f3418.dir/CMAKE_SIZEOF_UNSIGNED_SHORT.c.o
[2/2] Linking C executable cmTC_f3418


Determining if the system is big endian passed with the following output:
Change Dir: /home/bladestery/Sapphire/example_apps/AndroidStudioMinnie/sapphire/.externalNativeBuild/cmake/release/mips/CMakeFiles/CMakeTmp

Run Build Command:"/home/bladestery/Android/Sdk/cmake/3.6.3155560/bin/ninja" "cmTC_d2e20"
[1/2] Building C object CMakeFiles/cmTC_d2e20.dir/TestEndianess.c.o
[2/2] Linking C executable cmTC_d2e20

TestEndianess.c:
/* A 16 bit integer is required. */
typedef unsigned short cmakeint16;

/* On a little endian machine, these 16bit ints will give "THIS IS LITTLE ENDIAN."
   On a big endian machine the characters will be exchanged pairwise. */
const cmakeint16 info_little[] =  {0x4854, 0x5349, 0x4920, 0x2053, 0x494c, 0x5454, 0x454c, 0x4520, 0x444e, 0x4149, 0x2e4e, 0x0000};

/* on a big endian machine, these 16bit ints will give "THIS IS BIG ENDIAN."
   On a little endian machine the characters will be exchanged pairwise. */
const cmakeint16 info_big[] =     {0x5448, 0x4953, 0x2049, 0x5320, 0x4249, 0x4720, 0x454e, 0x4449, 0x414e, 0x2e2e, 0x0000};

#ifdef __CLASSIC_C__
int main(argc, argv) int argc; char *argv[];
#else
int main(int argc, char *argv[])
#endif
{
  int require = 0;
  require += info_little[argc];
  require += info_big[argc];
  (void)argv;
  return require;
}


Determining if the include file assert.h exists passed with the following output:
Change Dir: /home/bladestery/Sapphire/example_apps/AndroidStudioMinnie/sapphire/.externalNativeBuild/cmake/release/mips/CMakeFiles/CMakeTmp

Run Build Command:"/home/bladestery/Android/Sdk/cmake/3.6.3155560/bin/ninja" "cmTC_137f7"
[1/2] Building C object CMakeFiles/cmTC_137f7.dir/CheckIncludeFile.c.o
[2/2] Linking C executable cmTC_137f7


Determining if the include file fcntl.h exists passed with the following output:
Change Dir: /home/bladestery/Sapphire/example_apps/AndroidStudioMinnie/sapphire/.externalNativeBuild/cmake/release/mips/CMakeFiles/CMakeTmp

Run Build Command:"/home/bladestery/Android/Sdk/cmake/3.6.3155560/bin/ninja" "cmTC_167e3"
[1/2] Building C object CMakeFiles/cmTC_167e3.dir/CheckIncludeFile.c.o
[2/2] Linking C executable cmTC_167e3


Determining if the function mmap exists passed with the following output:
Change Dir: /home/bladestery/Sapphire/example_apps/AndroidStudioMinnie/sapphire/.externalNativeBuild/cmake/release/mips/CMakeFiles/CMakeTmp

Run Build Command:"/home/bladestery/Android/Sdk/cmake/3.6.3155560/bin/ninja" "cmTC_cc564"
[1/2] Building C object CMakeFiles/cmTC_cc564.dir/CheckFunctionExists.c.o
[2/2] Linking C executable cmTC_cc564


Determining if the include file string.h exists passed with the following output:
Change Dir: /home/bladestery/Sapphire/example_apps/AndroidStudioMinnie/sapphire/.externalNativeBuild/cmake/release/mips/CMakeFiles/CMakeTmp

Run Build Command:"/home/bladestery/Android/Sdk/cmake/3.6.3155560/bin/ninja" "cmTC_b20b6"
[1/2] Building C object CMakeFiles/cmTC_b20b6.dir/CheckIncludeFile.c.o
[2/2] Linking C executable cmTC_b20b6


Determining if the include file unistd.h exists passed with the following output:
Change Dir: /home/bladestery/Sapphire/example_apps/AndroidStudioMinnie/sapphire/.externalNativeBuild/cmake/release/mips/CMakeFiles/CMakeTmp

Run Build Command:"/home/bladestery/Android/Sdk/cmake/3.6.3155560/bin/ninja" "cmTC_789b9"
[1/2] Building C object CMakeFiles/cmTC_789b9.dir/CheckIncludeFile.c.o
[2/2] Linking C executable cmTC_789b9


Determining if the include file semaphore.h exists passed with the following output:
Change Dir: /home/bladestery/Sapphire/example_apps/AndroidStudioMinnie/sapphire/.externalNativeBuild/cmake/release/mips/CMakeFiles/CMakeTmp

Run Build Command:"/home/bladestery/Android/Sdk/cmake/3.6.3155560/bin/ninja" "cmTC_1a5a5"
[1/2] Building C object CMakeFiles/cmTC_1a5a5.dir/CheckIncludeFile.c.o
[2/2] Linking C executable cmTC_1a5a5


